{"/Users/symplice/Desktop/WebApps/ist_challenge/signature/src/App.vue": {"path":"/Users/symplice/Desktop/WebApps/ist_challenge/signature/src/App.vue","all":true,"statementMap":{"0":{"start":{"line":1,"column":0},"end":{"line":1,"column":10}},"1":{"start":{"line":2,"column":0},"end":{"line":2,"column":48}},"2":{"start":{"line":3,"column":0},"end":{"line":3,"column":31}},"3":{"start":{"line":4,"column":0},"end":{"line":4,"column":8}},"7":{"start":{"line":8,"column":0},"end":{"line":8,"column":16}},"8":{"start":{"line":9,"column":0},"end":{"line":9,"column":14}},"9":{"start":{"line":10,"column":0},"end":{"line":10,"column":2}}},"s":{"0":0,"1":0,"2":0,"3":0,"7":0,"8":0,"9":0},"branchMap":{"0":{"type":"branch","line":1,"loc":{"start":{"line":1,"column":0},"end":{"line":11,"column":-148}},"locations":[{"start":{"line":1,"column":0},"end":{"line":11,"column":-148}}]}},"b":{"0":[0]},"fnMap":{"0":{"name":"(empty-report)","decl":{"start":{"line":1,"column":0},"end":{"line":11,"column":-148}},"loc":{"start":{"line":1,"column":0},"end":{"line":11,"column":-148}},"line":1}},"f":{"0":0}}
,"/Users/symplice/Desktop/WebApps/ist_challenge/signature/src/main.js": {"path":"/Users/symplice/Desktop/WebApps/ist_challenge/signature/src/main.js","all":true,"statementMap":{"0":{"start":{"line":1,"column":0},"end":{"line":1,"column":32}},"1":{"start":{"line":2,"column":0},"end":{"line":2,"column":28}},"2":{"start":{"line":3,"column":0},"end":{"line":3,"column":30}},"3":{"start":{"line":4,"column":0},"end":{"line":4,"column":0}},"4":{"start":{"line":5,"column":0},"end":{"line":5,"column":27}},"5":{"start":{"line":6,"column":0},"end":{"line":6,"column":16}},"6":{"start":{"line":7,"column":0},"end":{"line":7,"column":18}}},"s":{"0":0,"1":0,"2":0,"3":0,"4":0,"5":0,"6":0},"branchMap":{"0":{"type":"branch","line":1,"loc":{"start":{"line":1,"column":157},"end":{"line":7,"column":18}},"locations":[{"start":{"line":1,"column":157},"end":{"line":7,"column":18}}]}},"b":{"0":[0]},"fnMap":{"0":{"name":"(empty-report)","decl":{"start":{"line":1,"column":157},"end":{"line":7,"column":18}},"loc":{"start":{"line":1,"column":157},"end":{"line":7,"column":18}},"line":1}},"f":{"0":0}}
,"/Users/symplice/Desktop/WebApps/ist_challenge/signature/src/components/Sidebar.vue": {"path":"/Users/symplice/Desktop/WebApps/ist_challenge/signature/src/components/Sidebar.vue","all":false,"statementMap":{"0":{"start":{"line":1,"column":0},"end":{"line":1,"column":10}},"1":{"start":{"line":2,"column":0},"end":{"line":2,"column":29}},"2":{"start":{"line":3,"column":0},"end":{"line":3,"column":49}},"3":{"start":{"line":4,"column":0},"end":{"line":4,"column":65}},"4":{"start":{"line":5,"column":0},"end":{"line":5,"column":10}},"5":{"start":{"line":6,"column":0},"end":{"line":6,"column":12}},"6":{"start":{"line":7,"column":0},"end":{"line":7,"column":23}},"7":{"start":{"line":8,"column":0},"end":{"line":8,"column":28}},"8":{"start":{"line":9,"column":0},"end":{"line":9,"column":61}},"9":{"start":{"line":10,"column":0},"end":{"line":10,"column":44}},"10":{"start":{"line":11,"column":0},"end":{"line":11,"column":11}},"12":{"start":{"line":13,"column":0},"end":{"line":13,"column":24}},"13":{"start":{"line":14,"column":0},"end":{"line":14,"column":13}},"14":{"start":{"line":15,"column":0},"end":{"line":15,"column":12}},"15":{"start":{"line":16,"column":0},"end":{"line":16,"column":23}},"16":{"start":{"line":17,"column":0},"end":{"line":17,"column":35}},"17":{"start":{"line":18,"column":0},"end":{"line":18,"column":61}},"18":{"start":{"line":19,"column":0},"end":{"line":19,"column":44}},"19":{"start":{"line":20,"column":0},"end":{"line":20,"column":11}},"21":{"start":{"line":22,"column":0},"end":{"line":22,"column":24}},"22":{"start":{"line":23,"column":0},"end":{"line":23,"column":13}},"23":{"start":{"line":24,"column":0},"end":{"line":24,"column":12}},"24":{"start":{"line":25,"column":0},"end":{"line":25,"column":48}},"25":{"start":{"line":26,"column":0},"end":{"line":26,"column":18}},"26":{"start":{"line":27,"column":0},"end":{"line":27,"column":28}},"27":{"start":{"line":28,"column":0},"end":{"line":28,"column":89}},"28":{"start":{"line":29,"column":0},"end":{"line":29,"column":11}},"30":{"start":{"line":31,"column":0},"end":{"line":31,"column":19}},"31":{"start":{"line":32,"column":0},"end":{"line":32,"column":13}},"32":{"start":{"line":33,"column":0},"end":{"line":33,"column":11}},"33":{"start":{"line":34,"column":0},"end":{"line":34,"column":10}},"34":{"start":{"line":35,"column":0},"end":{"line":35,"column":40}},"35":{"start":{"line":36,"column":0},"end":{"line":36,"column":19}},"36":{"start":{"line":37,"column":0},"end":{"line":37,"column":10}},"37":{"start":{"line":38,"column":0},"end":{"line":38,"column":8}},"41":{"start":{"line":42,"column":0},"end":{"line":42,"column":66}},"43":{"start":{"line":44,"column":0},"end":{"line":44,"column":16}},"44":{"start":{"line":45,"column":0},"end":{"line":45,"column":27}},"45":{"start":{"line":46,"column":0},"end":{"line":46,"column":13}},"46":{"start":{"line":47,"column":0},"end":{"line":47,"column":53}},"47":{"start":{"line":48,"column":0},"end":{"line":48,"column":41}},"48":{"start":{"line":49,"column":0},"end":{"line":49,"column":20}},"49":{"start":{"line":50,"column":0},"end":{"line":50,"column":5}},"50":{"start":{"line":51,"column":0},"end":{"line":51,"column":4}},"51":{"start":{"line":52,"column":0},"end":{"line":52,"column":12}},"52":{"start":{"line":53,"column":0},"end":{"line":53,"column":30}},"53":{"start":{"line":54,"column":0},"end":{"line":54,"column":20}},"54":{"start":{"line":55,"column":0},"end":{"line":55,"column":11}},"55":{"start":{"line":56,"column":0},"end":{"line":56,"column":42}},"56":{"start":{"line":57,"column":0},"end":{"line":57,"column":83}},"58":{"start":{"line":59,"column":0},"end":{"line":59,"column":46}},"59":{"start":{"line":60,"column":0},"end":{"line":60,"column":36}},"60":{"start":{"line":61,"column":0},"end":{"line":61,"column":46}},"61":{"start":{"line":62,"column":0},"end":{"line":62,"column":43}},"63":{"start":{"line":64,"column":0},"end":{"line":64,"column":85}},"64":{"start":{"line":65,"column":0},"end":{"line":65,"column":47}},"65":{"start":{"line":66,"column":0},"end":{"line":66,"column":16}},"66":{"start":{"line":67,"column":0},"end":{"line":67,"column":55}},"67":{"start":{"line":68,"column":0},"end":{"line":68,"column":9}},"68":{"start":{"line":69,"column":0},"end":{"line":69,"column":23}},"69":{"start":{"line":70,"column":0},"end":{"line":70,"column":53}},"70":{"start":{"line":71,"column":0},"end":{"line":71,"column":71}},"71":{"start":{"line":72,"column":0},"end":{"line":72,"column":7}},"72":{"start":{"line":73,"column":0},"end":{"line":73,"column":6}},"73":{"start":{"line":74,"column":0},"end":{"line":74,"column":4}},"74":{"start":{"line":75,"column":0},"end":{"line":75,"column":2}}},"s":{"0":1,"1":1,"2":1,"3":1,"4":1,"5":1,"6":1,"7":1,"8":1,"9":1,"10":1,"12":1,"13":1,"14":1,"15":1,"16":1,"17":1,"18":1,"19":1,"21":1,"22":1,"23":1,"24":1,"25":1,"26":1,"27":1,"28":1,"30":1,"31":1,"32":1,"33":1,"34":1,"35":1,"36":1,"37":1,"41":1,"43":1,"44":1,"45":1,"46":5,"47":5,"48":5,"49":5,"50":1,"51":1,"52":1,"53":1,"54":5,"55":5,"56":5,"58":5,"59":5,"60":0,"61":0,"63":0,"64":0,"65":0,"66":0,"67":0,"68":5,"69":5,"70":5,"71":5,"72":1,"73":1,"74":1},"branchMap":{"0":{"type":"branch","line":46,"loc":{"start":{"line":46,"column":2},"end":{"line":51,"column":3}},"locations":[{"start":{"line":46,"column":2},"end":{"line":51,"column":3}}]},"1":{"type":"branch","line":54,"loc":{"start":{"line":54,"column":4},"end":{"line":73,"column":5}},"locations":[{"start":{"line":54,"column":4},"end":{"line":73,"column":5}}]},"2":{"type":"branch","line":60,"loc":{"start":{"line":60,"column":35},"end":{"line":68,"column":9}},"locations":[{"start":{"line":60,"column":35},"end":{"line":68,"column":9}}]}},"b":{"0":[5],"1":[5],"2":[0]},"fnMap":{"0":{"name":"created","decl":{"start":{"line":46,"column":2},"end":{"line":51,"column":3}},"loc":{"start":{"line":46,"column":2},"end":{"line":51,"column":3}},"line":46},"1":{"name":"logout","decl":{"start":{"line":54,"column":4},"end":{"line":73,"column":5}},"loc":{"start":{"line":54,"column":4},"end":{"line":73,"column":5}},"line":54},"2":{"name":"__vite_ssr_import_1__.createElementBlock.__vite_ssr_import_1__.createElementVNode.__vite_ssr_import_1__.createElementVNode.__vite_ssr_import_1__.createElementVNode.__vite_ssr_import_1__.createElementVNode.onClick._cache.<computed>._cache.<computed>","decl":{"start":{"line":27,"column":18},"end":{"line":27,"column":28}},"loc":{"start":{"line":27,"column":18},"end":{"line":27,"column":28}},"line":27}},"f":{"0":5,"1":5,"2":0}}
,"/Users/symplice/Desktop/WebApps/ist_challenge/signature/src/components/Auth/Login.vue": {"path":"/Users/symplice/Desktop/WebApps/ist_challenge/signature/src/components/Auth/Login.vue","all":false,"statementMap":{"0":{"start":{"line":1,"column":0},"end":{"line":1,"column":10}},"1":{"start":{"line":2,"column":0},"end":{"line":2,"column":73}},"2":{"start":{"line":3,"column":0},"end":{"line":3,"column":53}},"3":{"start":{"line":4,"column":0},"end":{"line":4,"column":100}},"4":{"start":{"line":5,"column":0},"end":{"line":5,"column":24}},"5":{"start":{"line":6,"column":0},"end":{"line":6,"column":12}},"6":{"start":{"line":7,"column":0},"end":{"line":7,"column":64}},"7":{"start":{"line":8,"column":0},"end":{"line":8,"column":117}},"8":{"start":{"line":9,"column":0},"end":{"line":9,"column":33}},"9":{"start":{"line":10,"column":0},"end":{"line":10,"column":12}},"10":{"start":{"line":11,"column":0},"end":{"line":11,"column":42}},"11":{"start":{"line":12,"column":0},"end":{"line":12,"column":26}},"12":{"start":{"line":13,"column":0},"end":{"line":13,"column":87}},"13":{"start":{"line":14,"column":0},"end":{"line":14,"column":16}},"14":{"start":{"line":15,"column":0},"end":{"line":15,"column":24}},"15":{"start":{"line":16,"column":0},"end":{"line":16,"column":22}},"16":{"start":{"line":17,"column":0},"end":{"line":17,"column":27}},"17":{"start":{"line":18,"column":0},"end":{"line":18,"column":104}},"18":{"start":{"line":19,"column":0},"end":{"line":19,"column":51}},"19":{"start":{"line":20,"column":0},"end":{"line":20,"column":20}},"20":{"start":{"line":21,"column":0},"end":{"line":21,"column":12}},"21":{"start":{"line":22,"column":0},"end":{"line":22,"column":92}},"22":{"start":{"line":23,"column":0},"end":{"line":23,"column":14}},"23":{"start":{"line":24,"column":0},"end":{"line":24,"column":26}},"24":{"start":{"line":25,"column":0},"end":{"line":25,"column":93}},"25":{"start":{"line":26,"column":0},"end":{"line":26,"column":16}},"26":{"start":{"line":27,"column":0},"end":{"line":27,"column":27}},"27":{"start":{"line":28,"column":0},"end":{"line":28,"column":25}},"28":{"start":{"line":29,"column":0},"end":{"line":29,"column":30}},"29":{"start":{"line":30,"column":0},"end":{"line":30,"column":104}},"30":{"start":{"line":31,"column":0},"end":{"line":31,"column":54}},"31":{"start":{"line":32,"column":0},"end":{"line":32,"column":20}},"32":{"start":{"line":33,"column":0},"end":{"line":33,"column":12}},"33":{"start":{"line":34,"column":0},"end":{"line":34,"column":98}},"34":{"start":{"line":35,"column":0},"end":{"line":35,"column":14}},"35":{"start":{"line":36,"column":0},"end":{"line":36,"column":57}},"36":{"start":{"line":37,"column":0},"end":{"line":37,"column":110}},"37":{"start":{"line":38,"column":0},"end":{"line":38,"column":12}},"38":{"start":{"line":39,"column":0},"end":{"line":39,"column":15}},"39":{"start":{"line":40,"column":0},"end":{"line":40,"column":23}},"40":{"start":{"line":41,"column":0},"end":{"line":41,"column":86}},"41":{"start":{"line":42,"column":0},"end":{"line":42,"column":34}},"42":{"start":{"line":43,"column":0},"end":{"line":43,"column":9}},"44":{"start":{"line":45,"column":0},"end":{"line":45,"column":17}},"45":{"start":{"line":46,"column":0},"end":{"line":46,"column":13}},"46":{"start":{"line":47,"column":0},"end":{"line":47,"column":56}},"48":{"start":{"line":49,"column":0},"end":{"line":49,"column":93}},"49":{"start":{"line":50,"column":0},"end":{"line":50,"column":10}},"50":{"start":{"line":51,"column":0},"end":{"line":51,"column":10}},"51":{"start":{"line":52,"column":0},"end":{"line":52,"column":8}},"55":{"start":{"line":56,"column":0},"end":{"line":56,"column":56}},"57":{"start":{"line":58,"column":0},"end":{"line":58,"column":16}},"58":{"start":{"line":59,"column":0},"end":{"line":59,"column":35}},"59":{"start":{"line":60,"column":0},"end":{"line":60,"column":10}},"60":{"start":{"line":61,"column":0},"end":{"line":61,"column":12}},"61":{"start":{"line":62,"column":0},"end":{"line":62,"column":16}},"62":{"start":{"line":63,"column":0},"end":{"line":63,"column":19}},"63":{"start":{"line":64,"column":0},"end":{"line":64,"column":24}},"64":{"start":{"line":65,"column":0},"end":{"line":65,"column":27}},"65":{"start":{"line":66,"column":0},"end":{"line":66,"column":28}},"66":{"start":{"line":67,"column":0},"end":{"line":67,"column":31}},"67":{"start":{"line":68,"column":0},"end":{"line":68,"column":53}},"68":{"start":{"line":69,"column":0},"end":{"line":69,"column":57}},"69":{"start":{"line":70,"column":0},"end":{"line":70,"column":57}},"70":{"start":{"line":71,"column":0},"end":{"line":71,"column":6}},"71":{"start":{"line":72,"column":0},"end":{"line":72,"column":4}},"72":{"start":{"line":73,"column":0},"end":{"line":73,"column":13}},"73":{"start":{"line":74,"column":0},"end":{"line":74,"column":33}},"74":{"start":{"line":75,"column":0},"end":{"line":75,"column":19}},"75":{"start":{"line":76,"column":0},"end":{"line":76,"column":84}},"76":{"start":{"line":77,"column":0},"end":{"line":77,"column":6}},"77":{"start":{"line":78,"column":0},"end":{"line":78,"column":4}},"78":{"start":{"line":79,"column":0},"end":{"line":79,"column":12}},"79":{"start":{"line":80,"column":0},"end":{"line":80,"column":28}},"80":{"start":{"line":81,"column":0},"end":{"line":81,"column":21}},"81":{"start":{"line":82,"column":0},"end":{"line":82,"column":24}},"82":{"start":{"line":83,"column":0},"end":{"line":83,"column":31}},"83":{"start":{"line":84,"column":0},"end":{"line":84,"column":54}},"84":{"start":{"line":85,"column":0},"end":{"line":85,"column":14}},"85":{"start":{"line":86,"column":0},"end":{"line":86,"column":79}},"86":{"start":{"line":87,"column":0},"end":{"line":87,"column":57}},"87":{"start":{"line":88,"column":0},"end":{"line":88,"column":86}},"88":{"start":{"line":89,"column":0},"end":{"line":89,"column":7}},"89":{"start":{"line":90,"column":0},"end":{"line":90,"column":6}},"91":{"start":{"line":92,"column":0},"end":{"line":92,"column":55}},"92":{"start":{"line":93,"column":0},"end":{"line":93,"column":24}},"93":{"start":{"line":94,"column":0},"end":{"line":94,"column":27}},"94":{"start":{"line":95,"column":0},"end":{"line":95,"column":34}},"95":{"start":{"line":96,"column":0},"end":{"line":96,"column":60}},"96":{"start":{"line":97,"column":0},"end":{"line":97,"column":14}},"97":{"start":{"line":98,"column":0},"end":{"line":98,"column":54}},"98":{"start":{"line":99,"column":0},"end":{"line":99,"column":54}},"99":{"start":{"line":100,"column":0},"end":{"line":100,"column":53}},"100":{"start":{"line":101,"column":0},"end":{"line":101,"column":15}},"101":{"start":{"line":102,"column":0},"end":{"line":102,"column":7}},"102":{"start":{"line":103,"column":0},"end":{"line":103,"column":6}},"104":{"start":{"line":105,"column":0},"end":{"line":105,"column":35}},"105":{"start":{"line":106,"column":0},"end":{"line":106,"column":25}},"106":{"start":{"line":107,"column":0},"end":{"line":107,"column":27}},"107":{"start":{"line":108,"column":0},"end":{"line":108,"column":30}},"109":{"start":{"line":110,"column":0},"end":{"line":110,"column":50}},"110":{"start":{"line":111,"column":0},"end":{"line":111,"column":54}},"111":{"start":{"line":112,"column":0},"end":{"line":112,"column":7}},"113":{"start":{"line":114,"column":0},"end":{"line":114,"column":25}},"114":{"start":{"line":115,"column":0},"end":{"line":115,"column":26}},"115":{"start":{"line":116,"column":0},"end":{"line":116,"column":32}},"116":{"start":{"line":117,"column":0},"end":{"line":117,"column":8}},"118":{"start":{"line":119,"column":0},"end":{"line":119,"column":11}},"119":{"start":{"line":120,"column":0},"end":{"line":120,"column":111}},"120":{"start":{"line":121,"column":0},"end":{"line":121,"column":56}},"122":{"start":{"line":123,"column":0},"end":{"line":123,"column":42}},"123":{"start":{"line":124,"column":0},"end":{"line":124,"column":34}},"124":{"start":{"line":125,"column":0},"end":{"line":125,"column":61}},"125":{"start":{"line":126,"column":0},"end":{"line":126,"column":9}},"127":{"start":{"line":128,"column":0},"end":{"line":128,"column":33}},"128":{"start":{"line":129,"column":0},"end":{"line":129,"column":70}},"129":{"start":{"line":130,"column":0},"end":{"line":130,"column":29}},"131":{"start":{"line":132,"column":0},"end":{"line":132,"column":50}},"134":{"start":{"line":135,"column":0},"end":{"line":135,"column":65}},"135":{"start":{"line":136,"column":0},"end":{"line":136,"column":26}},"136":{"start":{"line":137,"column":0},"end":{"line":137,"column":26}},"137":{"start":{"line":138,"column":0},"end":{"line":138,"column":29}},"138":{"start":{"line":139,"column":0},"end":{"line":139,"column":71}},"139":{"start":{"line":140,"column":0},"end":{"line":140,"column":54}},"140":{"start":{"line":141,"column":0},"end":{"line":141,"column":23}},"141":{"start":{"line":142,"column":0},"end":{"line":142,"column":91}},"142":{"start":{"line":143,"column":0},"end":{"line":143,"column":105}},"143":{"start":{"line":144,"column":0},"end":{"line":144,"column":34}},"144":{"start":{"line":145,"column":0},"end":{"line":145,"column":7}},"145":{"start":{"line":146,"column":0},"end":{"line":146,"column":6}},"146":{"start":{"line":147,"column":0},"end":{"line":147,"column":4}},"147":{"start":{"line":148,"column":0},"end":{"line":148,"column":10}},"148":{"start":{"line":149,"column":0},"end":{"line":149,"column":13}},"149":{"start":{"line":150,"column":0},"end":{"line":150,"column":27}},"150":{"start":{"line":151,"column":0},"end":{"line":151,"column":6}},"151":{"start":{"line":152,"column":0},"end":{"line":152,"column":16}},"152":{"start":{"line":153,"column":0},"end":{"line":153,"column":30}},"153":{"start":{"line":154,"column":0},"end":{"line":154,"column":6}},"154":{"start":{"line":155,"column":0},"end":{"line":155,"column":4}},"155":{"start":{"line":156,"column":0},"end":{"line":156,"column":2}}},"s":{"0":3,"1":3,"2":3,"3":3,"4":3,"5":3,"6":3,"7":3,"8":3,"9":3,"10":3,"11":3,"12":3,"13":3,"14":3,"15":3,"16":3,"17":3,"18":3,"19":3,"20":3,"21":3,"22":3,"23":3,"24":3,"25":3,"26":3,"27":3,"28":3,"29":5,"30":5,"31":5,"32":5,"33":5,"34":5,"35":5,"36":5,"37":5,"38":5,"39":5,"40":5,"41":5,"42":5,"44":5,"45":5,"46":5,"48":1,"49":1,"50":1,"51":1,"55":1,"57":1,"58":1,"59":1,"60":5,"61":5,"62":5,"63":5,"64":5,"65":5,"66":5,"67":5,"68":5,"69":5,"70":5,"71":1,"72":1,"73":1,"74":1,"75":10,"76":1,"77":1,"78":1,"79":1,"80":1,"81":6,"82":0,"83":0,"84":6,"85":6,"86":6,"87":6,"88":6,"89":1,"91":1,"92":1,"93":6,"94":0,"95":0,"96":6,"97":6,"98":6,"99":6,"100":6,"101":6,"102":1,"104":1,"105":1,"106":2,"107":2,"109":2,"110":0,"111":0,"113":2,"114":2,"115":2,"116":2,"118":2,"119":2,"120":1,"122":1,"123":1,"124":1,"125":1,"127":1,"128":1,"129":1,"131":1,"134":1,"135":1,"136":0,"137":0,"138":0,"139":1,"140":1,"141":1,"142":1,"143":1,"144":1,"145":1,"146":1,"147":1,"148":1,"149":3,"150":1,"151":1,"152":3,"153":1,"154":1,"155":1},"branchMap":{"0":{"type":"branch","line":60,"loc":{"start":{"line":60,"column":2},"end":{"line":72,"column":3}},"locations":[{"start":{"line":60,"column":2},"end":{"line":72,"column":3}}]},"1":{"type":"branch","line":75,"loc":{"start":{"line":75,"column":4},"end":{"line":77,"column":5}},"locations":[{"start":{"line":75,"column":4},"end":{"line":77,"column":5}}]},"2":{"type":"branch","line":76,"loc":{"start":{"line":76,"column":24},"end":{"line":76,"column":42}},"locations":[{"start":{"line":76,"column":24},"end":{"line":76,"column":42}}]},"3":{"type":"branch","line":76,"loc":{"start":{"line":76,"column":44},"end":{"line":76,"column":59}},"locations":[{"start":{"line":76,"column":44},"end":{"line":76,"column":59}}]},"4":{"type":"branch","line":76,"loc":{"start":{"line":76,"column":61},"end":{"line":76,"column":83}},"locations":[{"start":{"line":76,"column":61},"end":{"line":76,"column":83}}]},"5":{"type":"branch","line":81,"loc":{"start":{"line":81,"column":4},"end":{"line":90,"column":5}},"locations":[{"start":{"line":81,"column":4},"end":{"line":90,"column":5}}]},"6":{"type":"branch","line":82,"loc":{"start":{"line":82,"column":23},"end":{"line":85,"column":8}},"locations":[{"start":{"line":82,"column":23},"end":{"line":85,"column":8}}]},"7":{"type":"branch","line":88,"loc":{"start":{"line":88,"column":49},"end":{"line":88,"column":81}},"locations":[{"start":{"line":88,"column":49},"end":{"line":88,"column":81}}]},"8":{"type":"branch","line":88,"loc":{"start":{"line":88,"column":81},"end":{"line":88,"column":85}},"locations":[{"start":{"line":88,"column":81},"end":{"line":88,"column":85}}]},"9":{"type":"branch","line":93,"loc":{"start":{"line":93,"column":4},"end":{"line":103,"column":5}},"locations":[{"start":{"line":93,"column":4},"end":{"line":103,"column":5}}]},"10":{"type":"branch","line":94,"loc":{"start":{"line":94,"column":26},"end":{"line":97,"column":8}},"locations":[{"start":{"line":94,"column":26},"end":{"line":97,"column":8}}]},"11":{"type":"branch","line":100,"loc":{"start":{"line":100,"column":10},"end":{"line":100,"column":53}},"locations":[{"start":{"line":100,"column":10},"end":{"line":100,"column":53}}]},"12":{"type":"branch","line":101,"loc":{"start":{"line":101,"column":10},"end":{"line":101,"column":14}},"locations":[{"start":{"line":101,"column":10},"end":{"line":101,"column":14}}]},"13":{"type":"branch","line":106,"loc":{"start":{"line":106,"column":4},"end":{"line":146,"column":5}},"locations":[{"start":{"line":106,"column":4},"end":{"line":146,"column":5}}]},"14":{"type":"branch","line":110,"loc":{"start":{"line":110,"column":49},"end":{"line":112,"column":7}},"locations":[{"start":{"line":110,"column":49},"end":{"line":112,"column":7}}]},"15":{"type":"branch","line":120,"loc":{"start":{"line":120,"column":110},"end":{"line":145,"column":7}},"locations":[{"start":{"line":120,"column":110},"end":{"line":145,"column":7}}]},"16":{"type":"branch","line":142,"loc":{"start":{"line":142,"column":82},"end":{"line":142,"column":89}},"locations":[{"start":{"line":142,"column":82},"end":{"line":142,"column":89}}]},"17":{"type":"branch","line":143,"loc":{"start":{"line":143,"column":71},"end":{"line":143,"column":104}},"locations":[{"start":{"line":143,"column":71},"end":{"line":143,"column":104}}]},"18":{"type":"branch","line":149,"loc":{"start":{"line":149,"column":4},"end":{"line":151,"column":5}},"locations":[{"start":{"line":149,"column":4},"end":{"line":151,"column":5}}]},"19":{"type":"branch","line":152,"loc":{"start":{"line":152,"column":4},"end":{"line":154,"column":5}},"locations":[{"start":{"line":152,"column":4},"end":{"line":154,"column":5}}]},"20":{"type":"branch","line":4,"loc":{"start":{"line":4,"column":6},"end":{"line":5,"column":24}},"locations":[{"start":{"line":4,"column":6},"end":{"line":5,"column":24}}]},"21":{"type":"branch","line":1,"loc":{"start":{"line":1,"column":0},"end":{"line":1,"column":10}},"locations":[{"start":{"line":1,"column":0},"end":{"line":1,"column":10}}]},"22":{"type":"branch","line":7,"loc":{"start":{"line":7,"column":6},"end":{"line":7,"column":64}},"locations":[{"start":{"line":7,"column":6},"end":{"line":7,"column":64}}]},"23":{"type":"branch","line":8,"loc":{"start":{"line":8,"column":6},"end":{"line":9,"column":33}},"locations":[{"start":{"line":8,"column":6},"end":{"line":9,"column":33}}]},"24":{"type":"branch","line":1,"loc":{"start":{"line":1,"column":0},"end":{"line":1,"column":10}},"locations":[{"start":{"line":1,"column":0},"end":{"line":1,"column":10}}]},"25":{"type":"branch","line":11,"loc":{"start":{"line":11,"column":19},"end":{"line":11,"column":42}},"locations":[{"start":{"line":11,"column":19},"end":{"line":11,"column":42}}]},"26":{"type":"branch","line":13,"loc":{"start":{"line":13,"column":10},"end":{"line":13,"column":87}},"locations":[{"start":{"line":13,"column":10},"end":{"line":13,"column":87}}]},"27":{"type":"branch","line":1,"loc":{"start":{"line":1,"column":0},"end":{"line":17,"column":27}},"locations":[{"start":{"line":1,"column":0},"end":{"line":17,"column":27}}]},"28":{"type":"branch","line":22,"loc":{"start":{"line":22,"column":10},"end":{"line":22,"column":92}},"locations":[{"start":{"line":22,"column":10},"end":{"line":22,"column":92}}]},"29":{"type":"branch","line":1,"loc":{"start":{"line":1,"column":0},"end":{"line":1,"column":10}},"locations":[{"start":{"line":1,"column":0},"end":{"line":1,"column":10}}]},"30":{"type":"branch","line":25,"loc":{"start":{"line":25,"column":10},"end":{"line":25,"column":93}},"locations":[{"start":{"line":25,"column":10},"end":{"line":25,"column":93}}]},"31":{"type":"branch","line":1,"loc":{"start":{"line":1,"column":0},"end":{"line":29,"column":30}},"locations":[{"start":{"line":1,"column":0},"end":{"line":29,"column":30}}]},"32":{"type":"branch","line":34,"loc":{"start":{"line":34,"column":10},"end":{"line":34,"column":98}},"locations":[{"start":{"line":34,"column":10},"end":{"line":34,"column":98}}]},"33":{"type":"branch","line":1,"loc":{"start":{"line":1,"column":0},"end":{"line":1,"column":10}},"locations":[{"start":{"line":1,"column":0},"end":{"line":1,"column":10}}]},"34":{"type":"branch","line":1,"loc":{"start":{"line":1,"column":0},"end":{"line":49,"column":21}},"locations":[{"start":{"line":1,"column":0},"end":{"line":49,"column":21}}]},"35":{"type":"branch","line":1,"loc":{"start":{"line":1,"column":0},"end":{"line":11,"column":42}},"locations":[{"start":{"line":1,"column":0},"end":{"line":11,"column":42}}]},"36":{"type":"branch","line":1,"loc":{"start":{"line":1,"column":0},"end":{"line":17,"column":27}},"locations":[{"start":{"line":1,"column":0},"end":{"line":17,"column":27}}]},"37":{"type":"branch","line":1,"loc":{"start":{"line":1,"column":0},"end":{"line":29,"column":30}},"locations":[{"start":{"line":1,"column":0},"end":{"line":29,"column":30}}]}},"b":{"0":[5],"1":[10],"2":[5],"3":[4],"4":[2],"5":[6],"6":[0],"7":[2],"8":[4],"9":[6],"10":[0],"11":[2],"12":[4],"13":[2],"14":[0],"15":[1],"16":[0],"17":[0],"18":[3],"19":[3],"20":[1],"21":[12],"22":[5],"23":[1],"24":[12],"25":[5],"26":[5],"27":[5],"28":[1],"29":[12],"30":[5],"31":[5],"32":[1],"33":[12],"34":[5],"35":[2],"36":[3],"37":[3]},"fnMap":{"0":{"name":"data","decl":{"start":{"line":60,"column":2},"end":{"line":72,"column":3}},"loc":{"start":{"line":60,"column":2},"end":{"line":72,"column":3}},"line":60},"1":{"name":"isFormValid","decl":{"start":{"line":75,"column":4},"end":{"line":77,"column":5}},"loc":{"start":{"line":75,"column":4},"end":{"line":77,"column":5}},"line":75},"2":{"name":"validateEmail","decl":{"start":{"line":81,"column":4},"end":{"line":90,"column":5}},"loc":{"start":{"line":81,"column":4},"end":{"line":90,"column":5}},"line":81},"3":{"name":"validatePassword","decl":{"start":{"line":93,"column":4},"end":{"line":103,"column":5}},"loc":{"start":{"line":93,"column":4},"end":{"line":103,"column":5}},"line":93},"4":{"name":"handleLogin","decl":{"start":{"line":106,"column":4},"end":{"line":146,"column":5}},"loc":{"start":{"line":106,"column":4},"end":{"line":146,"column":5}},"line":106},"5":{"name":"email","decl":{"start":{"line":149,"column":4},"end":{"line":151,"column":5}},"loc":{"start":{"line":149,"column":4},"end":{"line":151,"column":5}},"line":149},"6":{"name":"password","decl":{"start":{"line":152,"column":4},"end":{"line":154,"column":5}},"loc":{"start":{"line":152,"column":4},"end":{"line":154,"column":5}},"line":152},"7":{"name":"__vite_ssr_import_1__.createElementBlock.__vite_ssr_import_1__.createElementVNode.__vite_ssr_import_1__.createElementVNode.__vite_ssr_import_1__.createElementVNode.__vite_ssr_import_1__.withDirectives.__vite_ssr_import_1__.createElementVNode.onUpdate:modelValue._cache.<computed>._cache.<computed>","decl":{"start":{"line":1,"column":0},"end":{"line":17,"column":27}},"loc":{"start":{"line":1,"column":0},"end":{"line":17,"column":27}},"line":1},"8":{"name":"__vite_ssr_import_1__.createElementBlock.__vite_ssr_import_1__.createElementVNode.__vite_ssr_import_1__.createElementVNode.__vite_ssr_import_1__.createElementVNode.__vite_ssr_import_1__.withDirectives.__vite_ssr_import_1__.createElementVNode.onUpdate:modelValue._cache.<computed>._cache.<computed>","decl":{"start":{"line":1,"column":0},"end":{"line":29,"column":30}},"loc":{"start":{"line":1,"column":0},"end":{"line":29,"column":30}},"line":1}},"f":{"0":5,"1":10,"2":6,"3":6,"4":2,"5":3,"6":3,"7":3,"8":3}}
,"/Users/symplice/Desktop/WebApps/ist_challenge/signature/src/components/Auth/ResetPassword.vue": {"path":"/Users/symplice/Desktop/WebApps/ist_challenge/signature/src/components/Auth/ResetPassword.vue","all":false,"statementMap":{"0":{"start":{"line":1,"column":0},"end":{"line":1,"column":10}},"1":{"start":{"line":2,"column":0},"end":{"line":2,"column":75}},"2":{"start":{"line":3,"column":0},"end":{"line":3,"column":55}},"3":{"start":{"line":4,"column":0},"end":{"line":4,"column":75}},"4":{"start":{"line":5,"column":0},"end":{"line":5,"column":44}},"5":{"start":{"line":6,"column":0},"end":{"line":6,"column":28}},"6":{"start":{"line":7,"column":0},"end":{"line":7,"column":89}},"7":{"start":{"line":8,"column":0},"end":{"line":8,"column":18}},"8":{"start":{"line":9,"column":0},"end":{"line":9,"column":26}},"9":{"start":{"line":10,"column":0},"end":{"line":10,"column":24}},"10":{"start":{"line":11,"column":0},"end":{"line":11,"column":29}},"11":{"start":{"line":12,"column":0},"end":{"line":12,"column":106}},"12":{"start":{"line":13,"column":0},"end":{"line":13,"column":53}},"13":{"start":{"line":14,"column":0},"end":{"line":14,"column":22}},"14":{"start":{"line":15,"column":0},"end":{"line":15,"column":14}},"15":{"start":{"line":16,"column":0},"end":{"line":16,"column":94}},"16":{"start":{"line":17,"column":0},"end":{"line":17,"column":16}},"17":{"start":{"line":18,"column":0},"end":{"line":18,"column":17}},"18":{"start":{"line":19,"column":0},"end":{"line":19,"column":25}},"19":{"start":{"line":20,"column":0},"end":{"line":20,"column":88}},"20":{"start":{"line":21,"column":0},"end":{"line":21,"column":34}},"21":{"start":{"line":22,"column":0},"end":{"line":22,"column":11}},"23":{"start":{"line":24,"column":0},"end":{"line":24,"column":19}},"24":{"start":{"line":25,"column":0},"end":{"line":25,"column":15}},"25":{"start":{"line":26,"column":0},"end":{"line":26,"column":58}},"27":{"start":{"line":28,"column":0},"end":{"line":28,"column":92}},"28":{"start":{"line":29,"column":0},"end":{"line":29,"column":12}},"29":{"start":{"line":30,"column":0},"end":{"line":30,"column":12}},"30":{"start":{"line":31,"column":0},"end":{"line":31,"column":10}},"34":{"start":{"line":35,"column":0},"end":{"line":35,"column":18}},"35":{"start":{"line":36,"column":0},"end":{"line":36,"column":30}},"36":{"start":{"line":37,"column":0},"end":{"line":37,"column":12}},"37":{"start":{"line":38,"column":0},"end":{"line":38,"column":14}},"38":{"start":{"line":39,"column":0},"end":{"line":39,"column":18}},"39":{"start":{"line":40,"column":0},"end":{"line":40,"column":26}},"40":{"start":{"line":41,"column":0},"end":{"line":41,"column":30}},"41":{"start":{"line":42,"column":0},"end":{"line":42,"column":8}},"42":{"start":{"line":43,"column":0},"end":{"line":43,"column":6}},"43":{"start":{"line":44,"column":0},"end":{"line":44,"column":14}},"44":{"start":{"line":45,"column":0},"end":{"line":45,"column":52}},"45":{"start":{"line":46,"column":0},"end":{"line":46,"column":23}},"46":{"start":{"line":47,"column":0},"end":{"line":47,"column":26}},"47":{"start":{"line":48,"column":0},"end":{"line":48,"column":33}},"48":{"start":{"line":49,"column":0},"end":{"line":49,"column":56}},"49":{"start":{"line":50,"column":0},"end":{"line":50,"column":16}},"50":{"start":{"line":51,"column":0},"end":{"line":51,"column":81}},"51":{"start":{"line":52,"column":0},"end":{"line":52,"column":59}},"52":{"start":{"line":53,"column":0},"end":{"line":53,"column":88}},"53":{"start":{"line":54,"column":0},"end":{"line":54,"column":9}},"54":{"start":{"line":55,"column":0},"end":{"line":55,"column":8}},"56":{"start":{"line":57,"column":0},"end":{"line":57,"column":38}},"57":{"start":{"line":58,"column":0},"end":{"line":58,"column":21}},"58":{"start":{"line":59,"column":0},"end":{"line":59,"column":29}},"60":{"start":{"line":61,"column":0},"end":{"line":61,"column":30}},"61":{"start":{"line":62,"column":0},"end":{"line":62,"column":56}},"62":{"start":{"line":63,"column":0},"end":{"line":63,"column":9}},"64":{"start":{"line":65,"column":0},"end":{"line":65,"column":69}},"65":{"start":{"line":66,"column":0},"end":{"line":66,"column":83}},"66":{"start":{"line":67,"column":0},"end":{"line":67,"column":8}},"67":{"start":{"line":68,"column":0},"end":{"line":68,"column":6}},"68":{"start":{"line":69,"column":0},"end":{"line":69,"column":12}},"69":{"start":{"line":70,"column":0},"end":{"line":70,"column":15}},"70":{"start":{"line":71,"column":0},"end":{"line":71,"column":29}},"71":{"start":{"line":72,"column":0},"end":{"line":72,"column":8}},"72":{"start":{"line":73,"column":0},"end":{"line":73,"column":6}},"73":{"start":{"line":74,"column":0},"end":{"line":74,"column":4}}},"s":{"0":5,"1":5,"2":5,"3":5,"4":5,"5":5,"6":5,"7":5,"8":5,"9":5,"10":5,"11":5,"12":5,"13":5,"14":5,"15":5,"16":5,"17":5,"18":5,"19":5,"20":5,"21":5,"23":5,"24":5,"25":5,"27":1,"28":1,"29":1,"30":1,"34":1,"35":1,"36":1,"37":5,"38":5,"39":5,"40":5,"41":5,"42":1,"43":1,"44":1,"45":1,"46":7,"47":1,"48":1,"49":7,"50":6,"51":6,"52":6,"53":6,"54":1,"56":1,"57":1,"58":1,"60":1,"61":0,"62":0,"64":1,"65":1,"66":1,"67":1,"68":1,"69":1,"70":4,"71":1,"72":1,"73":1},"branchMap":{"0":{"type":"branch","line":37,"loc":{"start":{"line":37,"column":4},"end":{"line":43,"column":5}},"locations":[{"start":{"line":37,"column":4},"end":{"line":43,"column":5}}]},"1":{"type":"branch","line":46,"loc":{"start":{"line":46,"column":6},"end":{"line":55,"column":7}},"locations":[{"start":{"line":46,"column":6},"end":{"line":55,"column":7}}]},"2":{"type":"branch","line":47,"loc":{"start":{"line":47,"column":25},"end":{"line":50,"column":10}},"locations":[{"start":{"line":47,"column":25},"end":{"line":50,"column":10}}]},"3":{"type":"branch","line":50,"loc":{"start":{"line":50,"column":8},"end":{"line":54,"column":9}},"locations":[{"start":{"line":50,"column":8},"end":{"line":54,"column":9}}]},"4":{"type":"branch","line":53,"loc":{"start":{"line":53,"column":51},"end":{"line":53,"column":83}},"locations":[{"start":{"line":53,"column":51},"end":{"line":53,"column":83}}]},"5":{"type":"branch","line":53,"loc":{"start":{"line":53,"column":83},"end":{"line":53,"column":87}},"locations":[{"start":{"line":53,"column":83},"end":{"line":53,"column":87}}]},"6":{"type":"branch","line":58,"loc":{"start":{"line":58,"column":6},"end":{"line":67,"column":7}},"locations":[{"start":{"line":58,"column":6},"end":{"line":67,"column":7}}]},"7":{"type":"branch","line":61,"loc":{"start":{"line":61,"column":29},"end":{"line":63,"column":9}},"locations":[{"start":{"line":61,"column":29},"end":{"line":63,"column":9}}]},"8":{"type":"branch","line":70,"loc":{"start":{"line":70,"column":6},"end":{"line":72,"column":7}},"locations":[{"start":{"line":70,"column":6},"end":{"line":72,"column":7}}]},"9":{"type":"branch","line":4,"loc":{"start":{"line":4,"column":8},"end":{"line":4,"column":75}},"locations":[{"start":{"line":4,"column":8},"end":{"line":4,"column":75}}]},"10":{"type":"branch","line":5,"loc":{"start":{"line":5,"column":21},"end":{"line":5,"column":44}},"locations":[{"start":{"line":5,"column":21},"end":{"line":5,"column":44}}]},"11":{"type":"branch","line":7,"loc":{"start":{"line":7,"column":12},"end":{"line":7,"column":89}},"locations":[{"start":{"line":7,"column":12},"end":{"line":7,"column":89}}]},"12":{"type":"branch","line":1,"loc":{"start":{"line":1,"column":0},"end":{"line":11,"column":29}},"locations":[{"start":{"line":1,"column":0},"end":{"line":11,"column":29}}]},"13":{"type":"branch","line":16,"loc":{"start":{"line":16,"column":12},"end":{"line":16,"column":94}},"locations":[{"start":{"line":16,"column":12},"end":{"line":16,"column":94}}]},"14":{"type":"branch","line":1,"loc":{"start":{"line":1,"column":0},"end":{"line":1,"column":10}},"locations":[{"start":{"line":1,"column":0},"end":{"line":1,"column":10}}]},"15":{"type":"branch","line":1,"loc":{"start":{"line":1,"column":0},"end":{"line":28,"column":23}},"locations":[{"start":{"line":1,"column":0},"end":{"line":28,"column":23}}]},"16":{"type":"branch","line":1,"loc":{"start":{"line":1,"column":0},"end":{"line":5,"column":44}},"locations":[{"start":{"line":1,"column":0},"end":{"line":5,"column":44}}]},"17":{"type":"branch","line":1,"loc":{"start":{"line":1,"column":0},"end":{"line":11,"column":29}},"locations":[{"start":{"line":1,"column":0},"end":{"line":11,"column":29}}]}},"b":{"0":[5],"1":[7],"2":[1],"3":[6],"4":[3],"5":[3],"6":[1],"7":[0],"8":[4],"9":[5],"10":[5],"11":[5],"12":[5],"13":[3],"14":[7],"15":[5],"16":[1],"17":[5]},"fnMap":{"0":{"name":"data","decl":{"start":{"line":37,"column":4},"end":{"line":43,"column":5}},"loc":{"start":{"line":37,"column":4},"end":{"line":43,"column":5}},"line":37},"1":{"name":"validateEmail","decl":{"start":{"line":46,"column":6},"end":{"line":55,"column":7}},"loc":{"start":{"line":46,"column":6},"end":{"line":55,"column":7}},"line":46},"2":{"name":"handleReset","decl":{"start":{"line":58,"column":6},"end":{"line":67,"column":7}},"loc":{"start":{"line":58,"column":6},"end":{"line":67,"column":7}},"line":58},"3":{"name":"email","decl":{"start":{"line":70,"column":6},"end":{"line":72,"column":7}},"loc":{"start":{"line":70,"column":6},"end":{"line":72,"column":7}},"line":70},"4":{"name":"__vite_ssr_import_0__.createElementBlock.__vite_ssr_import_0__.createElementVNode.__vite_ssr_import_0__.createElementVNode.__vite_ssr_import_0__.createElementVNode.__vite_ssr_import_0__.withDirectives.__vite_ssr_import_0__.createElementVNode.onUpdate:modelValue._cache.<computed>._cache.<computed>","decl":{"start":{"line":1,"column":0},"end":{"line":11,"column":29}},"loc":{"start":{"line":1,"column":0},"end":{"line":11,"column":29}},"line":1}},"f":{"0":5,"1":7,"2":1,"3":4,"4":5}}
,"/Users/symplice/Desktop/WebApps/ist_challenge/signature/src/components/Auth/Signup.vue": {"path":"/Users/symplice/Desktop/WebApps/ist_challenge/signature/src/components/Auth/Signup.vue","all":false,"statementMap":{"0":{"start":{"line":1,"column":0},"end":{"line":1,"column":10}},"1":{"start":{"line":2,"column":0},"end":{"line":2,"column":73}},"2":{"start":{"line":3,"column":0},"end":{"line":3,"column":53}},"3":{"start":{"line":4,"column":0},"end":{"line":4,"column":66}},"4":{"start":{"line":5,"column":0},"end":{"line":5,"column":38}},"5":{"start":{"line":6,"column":0},"end":{"line":6,"column":109}},"6":{"start":{"line":7,"column":0},"end":{"line":7,"column":34}},"7":{"start":{"line":8,"column":0},"end":{"line":8,"column":12}},"8":{"start":{"line":9,"column":0},"end":{"line":9,"column":36}},"9":{"start":{"line":10,"column":0},"end":{"line":10,"column":101}},"10":{"start":{"line":11,"column":0},"end":{"line":11,"column":25}},"11":{"start":{"line":12,"column":0},"end":{"line":12,"column":12}},"12":{"start":{"line":13,"column":0},"end":{"line":13,"column":43}},"13":{"start":{"line":14,"column":0},"end":{"line":14,"column":26}},"14":{"start":{"line":15,"column":0},"end":{"line":15,"column":85}},"15":{"start":{"line":16,"column":0},"end":{"line":16,"column":16}},"16":{"start":{"line":17,"column":0},"end":{"line":17,"column":23}},"17":{"start":{"line":18,"column":0},"end":{"line":18,"column":21}},"18":{"start":{"line":19,"column":0},"end":{"line":19,"column":26}},"19":{"start":{"line":20,"column":0},"end":{"line":20,"column":104}},"20":{"start":{"line":21,"column":0},"end":{"line":21,"column":50}},"21":{"start":{"line":22,"column":0},"end":{"line":22,"column":20}},"22":{"start":{"line":23,"column":0},"end":{"line":23,"column":12}},"23":{"start":{"line":24,"column":0},"end":{"line":24,"column":90}},"24":{"start":{"line":25,"column":0},"end":{"line":25,"column":14}},"26":{"start":{"line":27,"column":0},"end":{"line":27,"column":26}},"27":{"start":{"line":28,"column":0},"end":{"line":28,"column":87}},"28":{"start":{"line":29,"column":0},"end":{"line":29,"column":16}},"29":{"start":{"line":30,"column":0},"end":{"line":30,"column":24}},"30":{"start":{"line":31,"column":0},"end":{"line":31,"column":22}},"31":{"start":{"line":32,"column":0},"end":{"line":32,"column":27}},"32":{"start":{"line":33,"column":0},"end":{"line":33,"column":104}},"33":{"start":{"line":34,"column":0},"end":{"line":34,"column":51}},"34":{"start":{"line":35,"column":0},"end":{"line":35,"column":20}},"35":{"start":{"line":36,"column":0},"end":{"line":36,"column":12}},"36":{"start":{"line":37,"column":0},"end":{"line":37,"column":92}},"37":{"start":{"line":38,"column":0},"end":{"line":38,"column":14}},"39":{"start":{"line":40,"column":0},"end":{"line":40,"column":26}},"40":{"start":{"line":41,"column":0},"end":{"line":41,"column":87}},"41":{"start":{"line":42,"column":0},"end":{"line":42,"column":16}},"42":{"start":{"line":43,"column":0},"end":{"line":43,"column":23}},"43":{"start":{"line":44,"column":0},"end":{"line":44,"column":22}},"44":{"start":{"line":45,"column":0},"end":{"line":45,"column":27}},"45":{"start":{"line":46,"column":0},"end":{"line":46,"column":104}},"46":{"start":{"line":47,"column":0},"end":{"line":47,"column":51}},"47":{"start":{"line":48,"column":0},"end":{"line":48,"column":20}},"48":{"start":{"line":49,"column":0},"end":{"line":49,"column":12}},"49":{"start":{"line":50,"column":0},"end":{"line":50,"column":92}},"50":{"start":{"line":51,"column":0},"end":{"line":51,"column":14}},"52":{"start":{"line":53,"column":0},"end":{"line":53,"column":26}},"53":{"start":{"line":54,"column":0},"end":{"line":54,"column":93}},"54":{"start":{"line":55,"column":0},"end":{"line":55,"column":16}},"55":{"start":{"line":56,"column":0},"end":{"line":56,"column":27}},"56":{"start":{"line":57,"column":0},"end":{"line":57,"column":25}},"57":{"start":{"line":58,"column":0},"end":{"line":58,"column":30}},"58":{"start":{"line":59,"column":0},"end":{"line":59,"column":104}},"59":{"start":{"line":60,"column":0},"end":{"line":60,"column":54}},"60":{"start":{"line":61,"column":0},"end":{"line":61,"column":20}},"61":{"start":{"line":62,"column":0},"end":{"line":62,"column":12}},"62":{"start":{"line":63,"column":0},"end":{"line":63,"column":98}},"63":{"start":{"line":64,"column":0},"end":{"line":64,"column":14}},"65":{"start":{"line":66,"column":0},"end":{"line":66,"column":26}},"66":{"start":{"line":67,"column":0},"end":{"line":67,"column":108}},"67":{"start":{"line":68,"column":0},"end":{"line":68,"column":16}},"68":{"start":{"line":69,"column":0},"end":{"line":69,"column":27}},"69":{"start":{"line":70,"column":0},"end":{"line":70,"column":32}},"70":{"start":{"line":71,"column":0},"end":{"line":71,"column":37}},"71":{"start":{"line":72,"column":0},"end":{"line":72,"column":104}},"72":{"start":{"line":73,"column":0},"end":{"line":73,"column":61}},"73":{"start":{"line":74,"column":0},"end":{"line":74,"column":20}},"74":{"start":{"line":75,"column":0},"end":{"line":75,"column":12}},"75":{"start":{"line":76,"column":0},"end":{"line":76,"column":112}},"76":{"start":{"line":77,"column":0},"end":{"line":77,"column":14}},"78":{"start":{"line":79,"column":0},"end":{"line":79,"column":15}},"79":{"start":{"line":80,"column":0},"end":{"line":80,"column":23}},"80":{"start":{"line":81,"column":0},"end":{"line":81,"column":86}},"81":{"start":{"line":82,"column":0},"end":{"line":82,"column":34}},"82":{"start":{"line":83,"column":0},"end":{"line":83,"column":9}},"84":{"start":{"line":85,"column":0},"end":{"line":85,"column":17}},"85":{"start":{"line":86,"column":0},"end":{"line":86,"column":13}},"87":{"start":{"line":88,"column":0},"end":{"line":88,"column":56}},"89":{"start":{"line":90,"column":0},"end":{"line":90,"column":90}},"90":{"start":{"line":91,"column":0},"end":{"line":91,"column":10}},"91":{"start":{"line":92,"column":0},"end":{"line":92,"column":10}},"92":{"start":{"line":93,"column":0},"end":{"line":93,"column":8}},"96":{"start":{"line":97,"column":0},"end":{"line":97,"column":26}},"98":{"start":{"line":99,"column":0},"end":{"line":99,"column":16}},"99":{"start":{"line":100,"column":0},"end":{"line":100,"column":21}},"100":{"start":{"line":101,"column":0},"end":{"line":101,"column":10}},"101":{"start":{"line":102,"column":0},"end":{"line":102,"column":12}},"102":{"start":{"line":103,"column":0},"end":{"line":103,"column":15}},"103":{"start":{"line":104,"column":0},"end":{"line":104,"column":16}},"104":{"start":{"line":105,"column":0},"end":{"line":105,"column":16}},"105":{"start":{"line":106,"column":0},"end":{"line":106,"column":19}},"106":{"start":{"line":107,"column":0},"end":{"line":107,"column":26}},"107":{"start":{"line":108,"column":0},"end":{"line":108,"column":23}},"108":{"start":{"line":109,"column":0},"end":{"line":109,"column":24}},"109":{"start":{"line":110,"column":0},"end":{"line":110,"column":24}},"110":{"start":{"line":111,"column":0},"end":{"line":111,"column":27}},"111":{"start":{"line":112,"column":0},"end":{"line":112,"column":34}},"112":{"start":{"line":113,"column":0},"end":{"line":113,"column":27}},"113":{"start":{"line":114,"column":0},"end":{"line":114,"column":28}},"114":{"start":{"line":115,"column":0},"end":{"line":115,"column":28}},"115":{"start":{"line":116,"column":0},"end":{"line":116,"column":31}},"116":{"start":{"line":117,"column":0},"end":{"line":117,"column":38}},"117":{"start":{"line":118,"column":0},"end":{"line":118,"column":48}},"118":{"start":{"line":119,"column":0},"end":{"line":119,"column":51}},"119":{"start":{"line":120,"column":0},"end":{"line":120,"column":63}},"120":{"start":{"line":121,"column":0},"end":{"line":121,"column":6}},"121":{"start":{"line":122,"column":0},"end":{"line":122,"column":4}},"122":{"start":{"line":123,"column":0},"end":{"line":123,"column":13}},"123":{"start":{"line":124,"column":0},"end":{"line":124,"column":19}},"124":{"start":{"line":125,"column":0},"end":{"line":125,"column":14}},"125":{"start":{"line":126,"column":0},"end":{"line":126,"column":39}},"126":{"start":{"line":127,"column":0},"end":{"line":127,"column":41}},"127":{"start":{"line":128,"column":0},"end":{"line":128,"column":41}},"128":{"start":{"line":129,"column":0},"end":{"line":129,"column":47}},"129":{"start":{"line":130,"column":0},"end":{"line":130,"column":58}},"130":{"start":{"line":131,"column":0},"end":{"line":131,"column":8}},"131":{"start":{"line":132,"column":0},"end":{"line":132,"column":6}},"132":{"start":{"line":133,"column":0},"end":{"line":133,"column":4}},"133":{"start":{"line":134,"column":0},"end":{"line":134,"column":12}},"134":{"start":{"line":135,"column":0},"end":{"line":135,"column":20}},"135":{"start":{"line":136,"column":0},"end":{"line":136,"column":23}},"136":{"start":{"line":137,"column":0},"end":{"line":137,"column":30}},"137":{"start":{"line":138,"column":0},"end":{"line":138,"column":52}},"138":{"start":{"line":139,"column":0},"end":{"line":139,"column":14}},"139":{"start":{"line":140,"column":0},"end":{"line":140,"column":31}},"140":{"start":{"line":141,"column":0},"end":{"line":141,"column":35}},"141":{"start":{"line":142,"column":0},"end":{"line":142,"column":7}},"142":{"start":{"line":143,"column":0},"end":{"line":143,"column":6}},"144":{"start":{"line":145,"column":0},"end":{"line":145,"column":21}},"145":{"start":{"line":146,"column":0},"end":{"line":146,"column":24}},"146":{"start":{"line":147,"column":0},"end":{"line":147,"column":31}},"147":{"start":{"line":148,"column":0},"end":{"line":148,"column":54}},"148":{"start":{"line":149,"column":0},"end":{"line":149,"column":14}},"149":{"start":{"line":150,"column":0},"end":{"line":150,"column":79}},"150":{"start":{"line":151,"column":0},"end":{"line":151,"column":57}},"151":{"start":{"line":152,"column":0},"end":{"line":152,"column":86}},"152":{"start":{"line":153,"column":0},"end":{"line":153,"column":7}},"153":{"start":{"line":154,"column":0},"end":{"line":154,"column":6}},"155":{"start":{"line":156,"column":0},"end":{"line":156,"column":21}},"156":{"start":{"line":157,"column":0},"end":{"line":157,"column":24}},"157":{"start":{"line":158,"column":0},"end":{"line":158,"column":31}},"158":{"start":{"line":159,"column":0},"end":{"line":159,"column":61}},"159":{"start":{"line":160,"column":0},"end":{"line":160,"column":14}},"160":{"start":{"line":161,"column":0},"end":{"line":161,"column":77}},"161":{"start":{"line":162,"column":0},"end":{"line":162,"column":57}},"162":{"start":{"line":163,"column":0},"end":{"line":163,"column":93}},"163":{"start":{"line":164,"column":0},"end":{"line":164,"column":7}},"164":{"start":{"line":165,"column":0},"end":{"line":165,"column":6}},"166":{"start":{"line":167,"column":0},"end":{"line":167,"column":24}},"167":{"start":{"line":168,"column":0},"end":{"line":168,"column":27}},"168":{"start":{"line":169,"column":0},"end":{"line":169,"column":34}},"169":{"start":{"line":170,"column":0},"end":{"line":170,"column":60}},"170":{"start":{"line":171,"column":0},"end":{"line":171,"column":14}},"171":{"start":{"line":172,"column":0},"end":{"line":172,"column":54}},"172":{"start":{"line":173,"column":0},"end":{"line":173,"column":104}},"173":{"start":{"line":174,"column":0},"end":{"line":174,"column":7}},"174":{"start":{"line":175,"column":0},"end":{"line":175,"column":6}},"176":{"start":{"line":177,"column":0},"end":{"line":177,"column":31}},"177":{"start":{"line":178,"column":0},"end":{"line":178,"column":34}},"178":{"start":{"line":179,"column":0},"end":{"line":179,"column":41}},"179":{"start":{"line":180,"column":0},"end":{"line":180,"column":75}},"180":{"start":{"line":181,"column":0},"end":{"line":181,"column":58}},"181":{"start":{"line":182,"column":0},"end":{"line":182,"column":41}},"182":{"start":{"line":183,"column":0},"end":{"line":183,"column":69}},"183":{"start":{"line":184,"column":0},"end":{"line":184,"column":14}},"184":{"start":{"line":185,"column":0},"end":{"line":185,"column":42}},"185":{"start":{"line":186,"column":0},"end":{"line":186,"column":46}},"186":{"start":{"line":187,"column":0},"end":{"line":187,"column":7}},"187":{"start":{"line":188,"column":0},"end":{"line":188,"column":6}},"189":{"start":{"line":190,"column":0},"end":{"line":190,"column":26}},"190":{"start":{"line":191,"column":0},"end":{"line":191,"column":26}},"191":{"start":{"line":192,"column":0},"end":{"line":192,"column":27}},"192":{"start":{"line":193,"column":0},"end":{"line":193,"column":27}},"193":{"start":{"line":194,"column":0},"end":{"line":194,"column":30}},"194":{"start":{"line":195,"column":0},"end":{"line":195,"column":37}},"196":{"start":{"line":197,"column":0},"end":{"line":197,"column":116}},"197":{"start":{"line":198,"column":0},"end":{"line":198,"column":50}},"198":{"start":{"line":199,"column":0},"end":{"line":199,"column":7}},"200":{"start":{"line":201,"column":0},"end":{"line":201,"column":24}},"201":{"start":{"line":202,"column":0},"end":{"line":202,"column":28}},"202":{"start":{"line":203,"column":0},"end":{"line":203,"column":26}},"203":{"start":{"line":204,"column":0},"end":{"line":204,"column":32}},"204":{"start":{"line":205,"column":0},"end":{"line":205,"column":26}},"205":{"start":{"line":206,"column":0},"end":{"line":206,"column":8}},"207":{"start":{"line":208,"column":0},"end":{"line":208,"column":11}},"208":{"start":{"line":209,"column":0},"end":{"line":209,"column":111}},"209":{"start":{"line":210,"column":0},"end":{"line":210,"column":68}},"210":{"start":{"line":211,"column":0},"end":{"line":211,"column":34}},"211":{"start":{"line":212,"column":0},"end":{"line":212,"column":30}},"212":{"start":{"line":213,"column":0},"end":{"line":213,"column":58}},"214":{"start":{"line":215,"column":0},"end":{"line":215,"column":26}},"215":{"start":{"line":216,"column":0},"end":{"line":216,"column":27}},"216":{"start":{"line":217,"column":0},"end":{"line":217,"column":27}},"217":{"start":{"line":218,"column":0},"end":{"line":218,"column":30}},"218":{"start":{"line":219,"column":0},"end":{"line":219,"column":37}},"222":{"start":{"line":223,"column":0},"end":{"line":223,"column":23}},"223":{"start":{"line":224,"column":0},"end":{"line":224,"column":92}},"224":{"start":{"line":225,"column":0},"end":{"line":225,"column":106}},"225":{"start":{"line":226,"column":0},"end":{"line":226,"column":35}},"226":{"start":{"line":227,"column":0},"end":{"line":227,"column":7}},"227":{"start":{"line":228,"column":0},"end":{"line":228,"column":6}},"228":{"start":{"line":229,"column":0},"end":{"line":229,"column":4}},"229":{"start":{"line":230,"column":0},"end":{"line":230,"column":10}},"230":{"start":{"line":231,"column":0},"end":{"line":231,"column":12}},"231":{"start":{"line":232,"column":0},"end":{"line":232,"column":26}},"232":{"start":{"line":233,"column":0},"end":{"line":233,"column":6}},"233":{"start":{"line":234,"column":0},"end":{"line":234,"column":13}},"234":{"start":{"line":235,"column":0},"end":{"line":235,"column":27}},"235":{"start":{"line":236,"column":0},"end":{"line":236,"column":6}},"236":{"start":{"line":237,"column":0},"end":{"line":237,"column":13}},"237":{"start":{"line":238,"column":0},"end":{"line":238,"column":27}},"238":{"start":{"line":239,"column":0},"end":{"line":239,"column":6}},"239":{"start":{"line":240,"column":0},"end":{"line":240,"column":16}},"240":{"start":{"line":241,"column":0},"end":{"line":241,"column":30}},"241":{"start":{"line":242,"column":0},"end":{"line":242,"column":6}},"242":{"start":{"line":243,"column":0},"end":{"line":243,"column":23}},"243":{"start":{"line":244,"column":0},"end":{"line":244,"column":37}},"244":{"start":{"line":245,"column":0},"end":{"line":245,"column":6}},"245":{"start":{"line":246,"column":0},"end":{"line":246,"column":4}},"246":{"start":{"line":247,"column":0},"end":{"line":247,"column":2}}},"s":{"0":3,"1":3,"2":3,"3":3,"4":3,"5":3,"6":3,"7":3,"8":3,"9":3,"10":3,"11":3,"12":3,"13":3,"14":3,"15":3,"16":3,"17":3,"18":3,"19":3,"20":3,"21":3,"22":3,"23":3,"24":3,"26":3,"27":3,"28":3,"29":3,"30":3,"31":3,"32":3,"33":3,"34":3,"35":3,"36":3,"37":3,"39":3,"40":3,"41":3,"42":3,"43":3,"44":3,"45":3,"46":3,"47":3,"48":3,"49":3,"50":3,"52":3,"53":3,"54":3,"55":3,"56":3,"57":3,"58":3,"59":3,"60":3,"61":3,"62":3,"63":3,"65":3,"66":3,"67":3,"68":3,"69":3,"70":3,"71":7,"72":7,"73":7,"74":7,"75":7,"76":7,"78":7,"79":7,"80":7,"81":7,"82":7,"84":7,"85":7,"87":7,"89":1,"90":1,"91":1,"92":1,"96":1,"98":1,"99":1,"100":1,"101":7,"102":7,"103":7,"104":7,"105":7,"106":7,"107":7,"108":7,"109":7,"110":7,"111":7,"112":7,"113":7,"114":7,"115":7,"116":7,"117":7,"118":7,"119":7,"120":7,"121":1,"122":1,"123":1,"124":17,"125":17,"126":17,"127":17,"128":17,"129":17,"130":17,"131":1,"132":1,"133":1,"134":1,"135":8,"136":4,"137":4,"138":4,"139":4,"140":4,"141":4,"142":1,"144":1,"145":9,"146":3,"147":3,"148":9,"149":6,"150":6,"151":6,"152":6,"153":1,"155":1,"156":9,"157":3,"158":3,"159":9,"160":6,"161":6,"162":6,"163":6,"164":1,"166":1,"167":9,"168":3,"169":3,"170":9,"171":6,"172":6,"173":6,"174":1,"176":1,"177":9,"178":3,"179":3,"180":9,"181":2,"182":2,"183":6,"184":4,"185":4,"186":4,"187":1,"189":1,"190":6,"191":6,"192":6,"193":6,"194":6,"196":6,"197":4,"198":4,"200":2,"201":2,"202":2,"203":2,"204":2,"205":2,"207":2,"208":2,"209":1,"210":1,"211":1,"212":1,"214":1,"215":1,"216":1,"217":1,"218":1,"222":1,"223":1,"224":1,"225":1,"226":1,"227":1,"228":1,"229":1,"230":1,"231":2,"232":1,"233":1,"234":3,"235":1,"236":1,"237":3,"238":1,"239":1,"240":3,"241":1,"242":1,"243":3,"244":1,"245":1,"246":1},"branchMap":{"0":{"type":"branch","line":101,"loc":{"start":{"line":101,"column":2},"end":{"line":122,"column":3}},"locations":[{"start":{"line":101,"column":2},"end":{"line":122,"column":3}}]},"1":{"type":"branch","line":124,"loc":{"start":{"line":124,"column":4},"end":{"line":132,"column":5}},"locations":[{"start":{"line":124,"column":4},"end":{"line":132,"column":5}}]},"2":{"type":"branch","line":126,"loc":{"start":{"line":126,"column":18},"end":{"line":126,"column":35}},"locations":[{"start":{"line":126,"column":18},"end":{"line":126,"column":35}}]},"3":{"type":"branch","line":126,"loc":{"start":{"line":126,"column":37},"end":{"line":127,"column":17}},"locations":[{"start":{"line":126,"column":37},"end":{"line":127,"column":17}}]},"4":{"type":"branch","line":127,"loc":{"start":{"line":127,"column":19},"end":{"line":127,"column":37}},"locations":[{"start":{"line":127,"column":19},"end":{"line":127,"column":37}}]},"5":{"type":"branch","line":127,"loc":{"start":{"line":127,"column":39},"end":{"line":128,"column":17}},"locations":[{"start":{"line":127,"column":39},"end":{"line":128,"column":17}}]},"6":{"type":"branch","line":128,"loc":{"start":{"line":128,"column":19},"end":{"line":128,"column":37}},"locations":[{"start":{"line":128,"column":19},"end":{"line":128,"column":37}}]},"7":{"type":"branch","line":128,"loc":{"start":{"line":128,"column":39},"end":{"line":129,"column":20}},"locations":[{"start":{"line":128,"column":39},"end":{"line":129,"column":20}}]},"8":{"type":"branch","line":129,"loc":{"start":{"line":129,"column":22},"end":{"line":129,"column":43}},"locations":[{"start":{"line":129,"column":22},"end":{"line":129,"column":43}}]},"9":{"type":"branch","line":129,"loc":{"start":{"line":129,"column":45},"end":{"line":130,"column":27}},"locations":[{"start":{"line":129,"column":45},"end":{"line":130,"column":27}}]},"10":{"type":"branch","line":130,"loc":{"start":{"line":130,"column":29},"end":{"line":130,"column":57}},"locations":[{"start":{"line":130,"column":29},"end":{"line":130,"column":57}}]},"11":{"type":"branch","line":135,"loc":{"start":{"line":135,"column":4},"end":{"line":143,"column":5}},"locations":[{"start":{"line":135,"column":4},"end":{"line":143,"column":5}}]},"12":{"type":"branch","line":136,"loc":{"start":{"line":136,"column":22},"end":{"line":142,"column":7}},"locations":[{"start":{"line":136,"column":22},"end":{"line":142,"column":7}}]},"13":{"type":"branch","line":145,"loc":{"start":{"line":145,"column":4},"end":{"line":154,"column":5}},"locations":[{"start":{"line":145,"column":4},"end":{"line":154,"column":5}}]},"14":{"type":"branch","line":146,"loc":{"start":{"line":146,"column":23},"end":{"line":149,"column":8}},"locations":[{"start":{"line":146,"column":23},"end":{"line":149,"column":8}}]},"15":{"type":"branch","line":149,"loc":{"start":{"line":149,"column":6},"end":{"line":153,"column":7}},"locations":[{"start":{"line":149,"column":6},"end":{"line":153,"column":7}}]},"16":{"type":"branch","line":152,"loc":{"start":{"line":152,"column":49},"end":{"line":152,"column":81}},"locations":[{"start":{"line":152,"column":49},"end":{"line":152,"column":81}}]},"17":{"type":"branch","line":152,"loc":{"start":{"line":152,"column":81},"end":{"line":152,"column":85}},"locations":[{"start":{"line":152,"column":81},"end":{"line":152,"column":85}}]},"18":{"type":"branch","line":156,"loc":{"start":{"line":156,"column":4},"end":{"line":165,"column":5}},"locations":[{"start":{"line":156,"column":4},"end":{"line":165,"column":5}}]},"19":{"type":"branch","line":157,"loc":{"start":{"line":157,"column":23},"end":{"line":160,"column":8}},"locations":[{"start":{"line":157,"column":23},"end":{"line":160,"column":8}}]},"20":{"type":"branch","line":160,"loc":{"start":{"line":160,"column":6},"end":{"line":164,"column":7}},"locations":[{"start":{"line":160,"column":6},"end":{"line":164,"column":7}}]},"21":{"type":"branch","line":163,"loc":{"start":{"line":163,"column":49},"end":{"line":163,"column":88}},"locations":[{"start":{"line":163,"column":49},"end":{"line":163,"column":88}}]},"22":{"type":"branch","line":163,"loc":{"start":{"line":163,"column":88},"end":{"line":163,"column":92}},"locations":[{"start":{"line":163,"column":88},"end":{"line":163,"column":92}}]},"23":{"type":"branch","line":167,"loc":{"start":{"line":167,"column":4},"end":{"line":175,"column":5}},"locations":[{"start":{"line":167,"column":4},"end":{"line":175,"column":5}}]},"24":{"type":"branch","line":168,"loc":{"start":{"line":168,"column":26},"end":{"line":171,"column":8}},"locations":[{"start":{"line":168,"column":26},"end":{"line":171,"column":8}}]},"25":{"type":"branch","line":171,"loc":{"start":{"line":171,"column":6},"end":{"line":174,"column":7}},"locations":[{"start":{"line":171,"column":6},"end":{"line":174,"column":7}}]},"26":{"type":"branch","line":173,"loc":{"start":{"line":173,"column":55},"end":{"line":173,"column":99}},"locations":[{"start":{"line":173,"column":55},"end":{"line":173,"column":99}}]},"27":{"type":"branch","line":177,"loc":{"start":{"line":177,"column":4},"end":{"line":188,"column":5}},"locations":[{"start":{"line":177,"column":4},"end":{"line":188,"column":5}}]},"28":{"type":"branch","line":178,"loc":{"start":{"line":178,"column":33},"end":{"line":181,"column":8}},"locations":[{"start":{"line":178,"column":33},"end":{"line":181,"column":8}}]},"29":{"type":"branch","line":181,"loc":{"start":{"line":181,"column":6},"end":{"line":187,"column":7}},"locations":[{"start":{"line":181,"column":6},"end":{"line":187,"column":7}}]},"30":{"type":"branch","line":181,"loc":{"start":{"line":181,"column":57},"end":{"line":184,"column":8}},"locations":[{"start":{"line":181,"column":57},"end":{"line":184,"column":8}}]},"31":{"type":"branch","line":184,"loc":{"start":{"line":184,"column":6},"end":{"line":187,"column":7}},"locations":[{"start":{"line":184,"column":6},"end":{"line":187,"column":7}}]},"32":{"type":"branch","line":190,"loc":{"start":{"line":190,"column":4},"end":{"line":228,"column":5}},"locations":[{"start":{"line":190,"column":4},"end":{"line":228,"column":5}}]},"33":{"type":"branch","line":197,"loc":{"start":{"line":197,"column":25},"end":{"line":197,"column":42}},"locations":[{"start":{"line":197,"column":25},"end":{"line":197,"column":42}}]},"34":{"type":"branch","line":197,"loc":{"start":{"line":197,"column":44},"end":{"line":197,"column":61}},"locations":[{"start":{"line":197,"column":44},"end":{"line":197,"column":61}}]},"35":{"type":"branch","line":197,"loc":{"start":{"line":197,"column":63},"end":{"line":197,"column":83}},"locations":[{"start":{"line":197,"column":63},"end":{"line":197,"column":83}}]},"36":{"type":"branch","line":197,"loc":{"start":{"line":197,"column":85},"end":{"line":197,"column":113}},"locations":[{"start":{"line":197,"column":85},"end":{"line":197,"column":113}}]},"37":{"type":"branch","line":197,"loc":{"start":{"line":197,"column":115},"end":{"line":199,"column":7}},"locations":[{"start":{"line":197,"column":115},"end":{"line":199,"column":7}}]},"38":{"type":"branch","line":199,"loc":{"start":{"line":199,"column":6},"end":{"line":209,"column":111}},"locations":[{"start":{"line":199,"column":6},"end":{"line":209,"column":111}}]},"39":{"type":"branch","line":209,"loc":{"start":{"line":209,"column":110},"end":{"line":227,"column":7}},"locations":[{"start":{"line":209,"column":110},"end":{"line":227,"column":7}}]},"40":{"type":"branch","line":224,"loc":{"start":{"line":224,"column":83},"end":{"line":224,"column":90}},"locations":[{"start":{"line":224,"column":83},"end":{"line":224,"column":90}}]},"41":{"type":"branch","line":225,"loc":{"start":{"line":225,"column":72},"end":{"line":225,"column":105}},"locations":[{"start":{"line":225,"column":72},"end":{"line":225,"column":105}}]},"42":{"type":"branch","line":231,"loc":{"start":{"line":231,"column":4},"end":{"line":233,"column":5}},"locations":[{"start":{"line":231,"column":4},"end":{"line":233,"column":5}}]},"43":{"type":"branch","line":234,"loc":{"start":{"line":234,"column":4},"end":{"line":236,"column":5}},"locations":[{"start":{"line":234,"column":4},"end":{"line":236,"column":5}}]},"44":{"type":"branch","line":237,"loc":{"start":{"line":237,"column":4},"end":{"line":239,"column":5}},"locations":[{"start":{"line":237,"column":4},"end":{"line":239,"column":5}}]},"45":{"type":"branch","line":240,"loc":{"start":{"line":240,"column":4},"end":{"line":242,"column":5}},"locations":[{"start":{"line":240,"column":4},"end":{"line":242,"column":5}}]},"46":{"type":"branch","line":243,"loc":{"start":{"line":243,"column":4},"end":{"line":245,"column":5}},"locations":[{"start":{"line":243,"column":4},"end":{"line":245,"column":5}}]},"47":{"type":"branch","line":4,"loc":{"start":{"line":4,"column":6},"end":{"line":4,"column":66}},"locations":[{"start":{"line":4,"column":6},"end":{"line":4,"column":66}}]},"48":{"type":"branch","line":6,"loc":{"start":{"line":6,"column":6},"end":{"line":7,"column":34}},"locations":[{"start":{"line":6,"column":6},"end":{"line":7,"column":34}}]},"49":{"type":"branch","line":1,"loc":{"start":{"line":1,"column":0},"end":{"line":1,"column":10}},"locations":[{"start":{"line":1,"column":0},"end":{"line":1,"column":10}}]},"50":{"type":"branch","line":10,"loc":{"start":{"line":10,"column":6},"end":{"line":11,"column":25}},"locations":[{"start":{"line":10,"column":6},"end":{"line":11,"column":25}}]},"51":{"type":"branch","line":1,"loc":{"start":{"line":1,"column":0},"end":{"line":1,"column":10}},"locations":[{"start":{"line":1,"column":0},"end":{"line":1,"column":10}}]},"52":{"type":"branch","line":13,"loc":{"start":{"line":13,"column":19},"end":{"line":13,"column":43}},"locations":[{"start":{"line":13,"column":19},"end":{"line":13,"column":43}}]},"53":{"type":"branch","line":15,"loc":{"start":{"line":15,"column":10},"end":{"line":15,"column":85}},"locations":[{"start":{"line":15,"column":10},"end":{"line":15,"column":85}}]},"54":{"type":"branch","line":1,"loc":{"start":{"line":1,"column":0},"end":{"line":19,"column":26}},"locations":[{"start":{"line":1,"column":0},"end":{"line":19,"column":26}}]},"55":{"type":"branch","line":24,"loc":{"start":{"line":24,"column":10},"end":{"line":24,"column":90}},"locations":[{"start":{"line":24,"column":10},"end":{"line":24,"column":90}}]},"56":{"type":"branch","line":1,"loc":{"start":{"line":1,"column":0},"end":{"line":1,"column":10}},"locations":[{"start":{"line":1,"column":0},"end":{"line":1,"column":10}}]},"57":{"type":"branch","line":28,"loc":{"start":{"line":28,"column":10},"end":{"line":28,"column":87}},"locations":[{"start":{"line":28,"column":10},"end":{"line":28,"column":87}}]},"58":{"type":"branch","line":1,"loc":{"start":{"line":1,"column":0},"end":{"line":32,"column":27}},"locations":[{"start":{"line":1,"column":0},"end":{"line":32,"column":27}}]},"59":{"type":"branch","line":37,"loc":{"start":{"line":37,"column":10},"end":{"line":37,"column":92}},"locations":[{"start":{"line":37,"column":10},"end":{"line":37,"column":92}}]},"60":{"type":"branch","line":1,"loc":{"start":{"line":1,"column":0},"end":{"line":1,"column":10}},"locations":[{"start":{"line":1,"column":0},"end":{"line":1,"column":10}}]},"61":{"type":"branch","line":41,"loc":{"start":{"line":41,"column":10},"end":{"line":41,"column":87}},"locations":[{"start":{"line":41,"column":10},"end":{"line":41,"column":87}}]},"62":{"type":"branch","line":1,"loc":{"start":{"line":1,"column":0},"end":{"line":45,"column":27}},"locations":[{"start":{"line":1,"column":0},"end":{"line":45,"column":27}}]},"63":{"type":"branch","line":50,"loc":{"start":{"line":50,"column":10},"end":{"line":50,"column":92}},"locations":[{"start":{"line":50,"column":10},"end":{"line":50,"column":92}}]},"64":{"type":"branch","line":1,"loc":{"start":{"line":1,"column":0},"end":{"line":1,"column":10}},"locations":[{"start":{"line":1,"column":0},"end":{"line":1,"column":10}}]},"65":{"type":"branch","line":54,"loc":{"start":{"line":54,"column":10},"end":{"line":54,"column":93}},"locations":[{"start":{"line":54,"column":10},"end":{"line":54,"column":93}}]},"66":{"type":"branch","line":1,"loc":{"start":{"line":1,"column":0},"end":{"line":58,"column":30}},"locations":[{"start":{"line":1,"column":0},"end":{"line":58,"column":30}}]},"67":{"type":"branch","line":63,"loc":{"start":{"line":63,"column":10},"end":{"line":63,"column":98}},"locations":[{"start":{"line":63,"column":10},"end":{"line":63,"column":98}}]},"68":{"type":"branch","line":1,"loc":{"start":{"line":1,"column":0},"end":{"line":1,"column":10}},"locations":[{"start":{"line":1,"column":0},"end":{"line":1,"column":10}}]},"69":{"type":"branch","line":67,"loc":{"start":{"line":67,"column":10},"end":{"line":67,"column":108}},"locations":[{"start":{"line":67,"column":10},"end":{"line":67,"column":108}}]},"70":{"type":"branch","line":1,"loc":{"start":{"line":1,"column":0},"end":{"line":71,"column":37}},"locations":[{"start":{"line":1,"column":0},"end":{"line":71,"column":37}}]},"71":{"type":"branch","line":76,"loc":{"start":{"line":76,"column":10},"end":{"line":76,"column":112}},"locations":[{"start":{"line":76,"column":10},"end":{"line":76,"column":112}}]},"72":{"type":"branch","line":1,"loc":{"start":{"line":1,"column":0},"end":{"line":1,"column":10}},"locations":[{"start":{"line":1,"column":0},"end":{"line":1,"column":10}}]},"73":{"type":"branch","line":1,"loc":{"start":{"line":1,"column":0},"end":{"line":90,"column":21}},"locations":[{"start":{"line":1,"column":0},"end":{"line":90,"column":21}}]},"74":{"type":"branch","line":1,"loc":{"start":{"line":1,"column":0},"end":{"line":13,"column":43}},"locations":[{"start":{"line":1,"column":0},"end":{"line":13,"column":43}}]},"75":{"type":"branch","line":1,"loc":{"start":{"line":1,"column":0},"end":{"line":19,"column":26}},"locations":[{"start":{"line":1,"column":0},"end":{"line":19,"column":26}}]},"76":{"type":"branch","line":1,"loc":{"start":{"line":1,"column":0},"end":{"line":32,"column":27}},"locations":[{"start":{"line":1,"column":0},"end":{"line":32,"column":27}}]},"77":{"type":"branch","line":1,"loc":{"start":{"line":1,"column":0},"end":{"line":45,"column":27}},"locations":[{"start":{"line":1,"column":0},"end":{"line":45,"column":27}}]},"78":{"type":"branch","line":1,"loc":{"start":{"line":1,"column":0},"end":{"line":58,"column":30}},"locations":[{"start":{"line":1,"column":0},"end":{"line":58,"column":30}}]},"79":{"type":"branch","line":1,"loc":{"start":{"line":1,"column":0},"end":{"line":71,"column":37}},"locations":[{"start":{"line":1,"column":0},"end":{"line":71,"column":37}}]}},"b":{"0":[7],"1":[17],"2":[10],"3":[10],"4":[8],"5":[8],"6":[6],"7":[6],"8":[4],"9":[4],"10":[2],"11":[8],"12":[4],"13":[9],"14":[3],"15":[6],"16":[2],"17":[4],"18":[9],"19":[3],"20":[6],"21":[2],"22":[4],"23":[9],"24":[3],"25":[6],"26":[0],"27":[9],"28":[3],"29":[6],"30":[2],"31":[4],"32":[6],"33":[2],"34":[2],"35":[2],"36":[2],"37":[4],"38":[2],"39":[1],"40":[0],"41":[0],"42":[2],"43":[3],"44":[3],"45":[3],"46":[3],"47":[7],"48":[1],"49":[26],"50":[1],"51":[26],"52":[7],"53":[7],"54":[7],"55":[4],"56":[23],"57":[7],"58":[7],"59":[5],"60":[22],"61":[7],"62":[7],"63":[5],"64":[22],"65":[7],"66":[7],"67":[3],"68":[24],"69":[7],"70":[7],"71":[5],"72":[22],"73":[7],"74":[6],"75":[2],"76":[3],"77":[3],"78":[3],"79":[3]},"fnMap":{"0":{"name":"data","decl":{"start":{"line":101,"column":2},"end":{"line":122,"column":3}},"loc":{"start":{"line":101,"column":2},"end":{"line":122,"column":3}},"line":101},"1":{"name":"isFormValid","decl":{"start":{"line":124,"column":4},"end":{"line":132,"column":5}},"loc":{"start":{"line":124,"column":4},"end":{"line":132,"column":5}},"line":124},"2":{"name":"validateName","decl":{"start":{"line":135,"column":4},"end":{"line":143,"column":5}},"loc":{"start":{"line":135,"column":4},"end":{"line":143,"column":5}},"line":135},"3":{"name":"validateEmail","decl":{"start":{"line":145,"column":4},"end":{"line":154,"column":5}},"loc":{"start":{"line":145,"column":4},"end":{"line":154,"column":5}},"line":145},"4":{"name":"validatePhone","decl":{"start":{"line":156,"column":4},"end":{"line":165,"column":5}},"loc":{"start":{"line":156,"column":4},"end":{"line":165,"column":5}},"line":156},"5":{"name":"validatePassword","decl":{"start":{"line":167,"column":4},"end":{"line":175,"column":5}},"loc":{"start":{"line":167,"column":4},"end":{"line":175,"column":5}},"line":167},"6":{"name":"validateConfirmPassword","decl":{"start":{"line":177,"column":4},"end":{"line":188,"column":5}},"loc":{"start":{"line":177,"column":4},"end":{"line":188,"column":5}},"line":177},"7":{"name":"handleSignup","decl":{"start":{"line":190,"column":4},"end":{"line":228,"column":5}},"loc":{"start":{"line":190,"column":4},"end":{"line":228,"column":5}},"line":190},"8":{"name":"name","decl":{"start":{"line":231,"column":4},"end":{"line":233,"column":5}},"loc":{"start":{"line":231,"column":4},"end":{"line":233,"column":5}},"line":231},"9":{"name":"email","decl":{"start":{"line":234,"column":4},"end":{"line":236,"column":5}},"loc":{"start":{"line":234,"column":4},"end":{"line":236,"column":5}},"line":234},"10":{"name":"phone","decl":{"start":{"line":237,"column":4},"end":{"line":239,"column":5}},"loc":{"start":{"line":237,"column":4},"end":{"line":239,"column":5}},"line":237},"11":{"name":"password","decl":{"start":{"line":240,"column":4},"end":{"line":242,"column":5}},"loc":{"start":{"line":240,"column":4},"end":{"line":242,"column":5}},"line":240},"12":{"name":"confirmPassword","decl":{"start":{"line":243,"column":4},"end":{"line":245,"column":5}},"loc":{"start":{"line":243,"column":4},"end":{"line":245,"column":5}},"line":243},"13":{"name":"__vite_ssr_import_1__.createElementBlock.__vite_ssr_import_1__.createElementVNode.__vite_ssr_import_1__.createElementVNode.__vite_ssr_import_1__.createElementVNode.__vite_ssr_import_1__.withDirectives.__vite_ssr_import_1__.createElementVNode.onUpdate:modelValue._cache.<computed>._cache.<computed>","decl":{"start":{"line":1,"column":0},"end":{"line":19,"column":26}},"loc":{"start":{"line":1,"column":0},"end":{"line":19,"column":26}},"line":1},"14":{"name":"__vite_ssr_import_1__.createElementBlock.__vite_ssr_import_1__.createElementVNode.__vite_ssr_import_1__.createElementVNode.__vite_ssr_import_1__.createElementVNode.__vite_ssr_import_1__.withDirectives.__vite_ssr_import_1__.createElementVNode.onUpdate:modelValue._cache.<computed>._cache.<computed>","decl":{"start":{"line":1,"column":0},"end":{"line":32,"column":27}},"loc":{"start":{"line":1,"column":0},"end":{"line":32,"column":27}},"line":1},"15":{"name":"__vite_ssr_import_1__.createElementBlock.__vite_ssr_import_1__.createElementVNode.__vite_ssr_import_1__.createElementVNode.__vite_ssr_import_1__.createElementVNode.__vite_ssr_import_1__.withDirectives.__vite_ssr_import_1__.createElementVNode.onUpdate:modelValue._cache.<computed>._cache.<computed>","decl":{"start":{"line":1,"column":0},"end":{"line":45,"column":27}},"loc":{"start":{"line":1,"column":0},"end":{"line":45,"column":27}},"line":1},"16":{"name":"__vite_ssr_import_1__.createElementBlock.__vite_ssr_import_1__.createElementVNode.__vite_ssr_import_1__.createElementVNode.__vite_ssr_import_1__.createElementVNode.__vite_ssr_import_1__.withDirectives.__vite_ssr_import_1__.createElementVNode.onUpdate:modelValue._cache.<computed>._cache.<computed>","decl":{"start":{"line":1,"column":0},"end":{"line":58,"column":30}},"loc":{"start":{"line":1,"column":0},"end":{"line":58,"column":30}},"line":1},"17":{"name":"__vite_ssr_import_1__.createElementBlock.__vite_ssr_import_1__.createElementVNode.__vite_ssr_import_1__.createElementVNode.__vite_ssr_import_1__.createElementVNode.__vite_ssr_import_1__.withDirectives.__vite_ssr_import_1__.createElementVNode.onUpdate:modelValue._cache.<computed>._cache.<computed>","decl":{"start":{"line":1,"column":0},"end":{"line":71,"column":37}},"loc":{"start":{"line":1,"column":0},"end":{"line":71,"column":37}},"line":1}},"f":{"0":7,"1":17,"2":8,"3":9,"4":9,"5":9,"6":9,"7":6,"8":2,"9":3,"10":3,"11":3,"12":3,"13":2,"14":3,"15":3,"16":3,"17":3}}
,"/Users/symplice/Desktop/WebApps/ist_challenge/signature/src/router/index.js": {"path":"/Users/symplice/Desktop/WebApps/ist_challenge/signature/src/router/index.js","all":true,"statementMap":{"0":{"start":{"line":1,"column":0},"end":{"line":1,"column":60}},"1":{"start":{"line":2,"column":0},"end":{"line":2,"column":55}},"2":{"start":{"line":3,"column":0},"end":{"line":3,"column":53}},"3":{"start":{"line":4,"column":0},"end":{"line":4,"column":69}},"4":{"start":{"line":5,"column":0},"end":{"line":5,"column":47}},"5":{"start":{"line":6,"column":0},"end":{"line":6,"column":60}},"6":{"start":{"line":7,"column":0},"end":{"line":7,"column":0}},"7":{"start":{"line":8,"column":0},"end":{"line":8,"column":16}},"8":{"start":{"line":9,"column":0},"end":{"line":9,"column":45}},"9":{"start":{"line":10,"column":0},"end":{"line":10,"column":43}},"10":{"start":{"line":11,"column":0},"end":{"line":11,"column":60}},"11":{"start":{"line":12,"column":0},"end":{"line":12,"column":36}},"12":{"start":{"line":13,"column":0},"end":{"line":13,"column":3}},"13":{"start":{"line":14,"column":0},"end":{"line":14,"column":23}},"14":{"start":{"line":15,"column":0},"end":{"line":15,"column":22}},"15":{"start":{"line":16,"column":0},"end":{"line":16,"column":25}},"16":{"start":{"line":17,"column":0},"end":{"line":17,"column":4}},"17":{"start":{"line":18,"column":0},"end":{"line":18,"column":59}},"18":{"start":{"line":19,"column":0},"end":{"line":19,"column":2}},"19":{"start":{"line":20,"column":0},"end":{"line":20,"column":0}},"20":{"start":{"line":21,"column":0},"end":{"line":21,"column":29}},"21":{"start":{"line":22,"column":0},"end":{"line":22,"column":30}},"22":{"start":{"line":23,"column":0},"end":{"line":23,"column":9}},"23":{"start":{"line":24,"column":0},"end":{"line":24,"column":3}},"24":{"start":{"line":25,"column":0},"end":{"line":25,"column":0}},"25":{"start":{"line":26,"column":0},"end":{"line":26,"column":22}}},"s":{"0":0,"1":0,"2":0,"3":0,"4":0,"5":0,"6":0,"7":0,"8":0,"9":0,"10":0,"11":0,"12":0,"13":0,"14":0,"15":0,"16":0,"17":0,"18":0,"19":0,"20":0,"21":0,"22":0,"23":0,"24":0,"25":0},"branchMap":{"0":{"type":"branch","line":1,"loc":{"start":{"line":1,"column":0},"end":{"line":26,"column":-368}},"locations":[{"start":{"line":1,"column":0},"end":{"line":26,"column":-368}}]}},"b":{"0":[0]},"fnMap":{"0":{"name":"(empty-report)","decl":{"start":{"line":1,"column":0},"end":{"line":26,"column":-368}},"loc":{"start":{"line":1,"column":0},"end":{"line":26,"column":-368}},"line":1}},"f":{"0":0}}
[...]
mn":6}},"337":{"start":{"line":338,"column":0},"end":{"line":338,"column":4}},"338":{"start":{"line":339,"column":0},"end":{"line":339,"column":13}},"339":{"start":{"line":340,"column":0},"end":{"line":340,"column":22}},"340":{"start":{"line":341,"column":0},"end":{"line":341,"column":4}},"341":{"start":{"line":342,"column":0},"end":{"line":342,"column":2}}},"s":{"0":0,"1":0,"2":0,"3":0,"5":0,"6":0,"7":0,"9":0,"10":0,"11":0,"12":0,"14":0,"15":0,"16":0,"17":0,"18":0,"19":0,"20":0,"21":0,"22":0,"23":0,"24":0,"25":0,"26":0,"27":0,"28":0,"29":0,"30":0,"31":0,"32":0,"33":0,"34":0,"35":0,"36":0,"37":0,"38":0,"39":0,"40":0,"41":0,"42":0,"43":0,"44":0,"45":0,"47":0,"48":0,"49":0,"50":0,"51":0,"52":0,"54":0,"55":0,"56":0,"57":0,"58":0,"59":0,"61":0,"62":0,"63":0,"64":0,"65":0,"66":0,"68":0,"69":0,"70":0,"71":0,"72":0,"74":0,"75":0,"77":0,"78":0,"79":0,"80":0,"81":0,"82":0,"83":0,"84":0,"85":0,"86":0,"87":0,"88":0,"89":0,"91":0,"92":0,"93":0,"94":0,"95":0,"96":0,"97":0,"98":0,"99":0,"100":0,"101":0,"103":0,"104":0,"105":0,"106":0,"107":0,"108":0,"109":0,"110":0,"111":0,"112":0,"114":0,"115":0,"116":0,"117":0,"118":0,"119":0,"120":0,"121":0,"122":0,"123":0,"125":0,"126":0,"127":0,"128":0,"129":0,"130":0,"131":0,"132":0,"133":0,"134":0,"136":0,"137":0,"138":0,"139":0,"140":0,"141":0,"142":0,"143":0,"144":0,"145":0,"147":0,"148":0,"149":0,"150":0,"151":0,"152":0,"153":0,"154":0,"155":0,"156":0,"158":0,"159":0,"161":0,"162":0,"163":0,"165":0,"166":0,"168":0,"169":0,"170":0,"172":0,"173":0,"174":0,"175":0,"176":0,"178":0,"179":0,"181":0,"182":0,"183":0,"184":0,"185":0,"186":1,"187":1,"188":1,"189":1,"190":1,"191":1,"193":1,"194":1,"195":1,"196":1,"197":1,"199":1,"200":1,"201":1,"202":1,"203":1,"205":1,"206":1,"207":1,"208":1,"209":1,"210":1,"211":1,"215":1,"216":1,"218":1,"219":1,"220":1,"221":1,"222":1,"223":1,"224":5,"225":5,"226":5,"227":5,"228":5,"229":5,"230":5,"231":5,"232":1,"233":1,"234":1,"235":6,"236":6,"237":6,"238":6,"239":6,"240":6,"241":6,"242":6,"243":1,"244":1,"245":1,"246":1,"248":1,"249":1,"250":1,"251":1,"253":1,"254":2,"255":1,"257":1,"258":0,"259":0,"260":0,"261":1,"263":1,"264":1,"265":1,"267":1,"268":1,"269":1,"270":1,"271":1,"272":1,"273":1,"274":1,"275":1,"276":1,"277":1,"278":1,"280":1,"281":1,"282":1,"283":1,"284":1,"285":1,"286":1,"287":1,"288":0,"289":0,"290":1,"292":1,"293":1,"294":1,"295":1,"296":1,"297":1,"298":1,"299":1,"301":1,"302":1,"303":1,"304":1,"305":1,"306":1,"307":1,"308":1,"309":0,"310":0,"311":1,"313":1,"314":0,"315":0,"317":0,"318":0,"319":0,"320":0,"321":0,"322":0,"323":0,"324":0,"325":0,"326":0,"327":0,"328":0,"329":0,"330":0,"331":0,"332":0,"333":0,"334":0,"335":0,"336":1,"337":1,"338":1,"339":5,"340":1,"341":1},"branchMap":{"0":{"type":"branch","line":224,"loc":{"start":{"line":224,"column":2},"end":{"line":233,"column":3}},"locations":[{"start":{"line":224,"column":2},"end":{"line":233,"column":3}}]},"1":{"type":"branch","line":235,"loc":{"start":{"line":235,"column":4},"end":{"line":247,"column":5}},"locations":[{"start":{"line":235,"column":4},"end":{"line":247,"column":5}}]},"2":{"type":"branch","line":242,"loc":{"start":{"line":242,"column":53},"end":{"line":242,"column":67}},"locations":[{"start":{"line":242,"column":53},"end":{"line":242,"column":67}}]},"3":{"type":"branch","line":242,"loc":{"start":{"line":242,"column":69},"end":{"line":242,"column":86}},"locations":[{"start":{"line":242,"column":69},"end":{"line":242,"column":86}}]},"4":{"type":"branch","line":243,"loc":{"start":{"line":243,"column":8},"end":{"line":246,"column":7}},"locations":[{"start":{"line":243,"column":8},"end":{"line":246,"column":7}}]},"5":{"type":"branch","line":249,"loc":{"start":{"line":249,"column":4},"end":{"line":252,"column":5}},"locations":[{"start":{"line":249,"column":4},"end":{"line":252,"column":5}}]},"6":{"type":"branch","line":254,"loc":{"start":{"line":254,"column":4},"end":{"line":256,"column":5}},"locations":[{"start":{"line":254,"column":4},"end":{"line":256,"column":5}}]},"7":{"type":"branch","line":264,"loc":{"start":{"line":264,"column":4},"end":{"line":266,"column":5}},"locations":[{"start":{"line":264,"column":4},"end":{"line":266,"column":5}}]},"8":{"type":"branch","line":268,"loc":{"start":{"line":268,"column":4},"end":{"line":291,"column":5}},"locations":[{"start":{"line":268,"column":4},"end":{"line":291,"column":5}}]},"9":{"type":"branch","line":288,"loc":{"start":{"line":288,"column":8},"end":{"line":290,"column":7}},"locations":[{"start":{"line":288,"column":8},"end":{"line":290,"column":7}}]},"10":{"type":"branch","line":281,"loc":{"start":{"line":281,"column":43},"end":{"line":281,"column":79}},"locations":[{"start":{"line":281,"column":43},"end":{"line":281,"column":79}}]},"11":{"type":"branch","line":293,"loc":{"start":{"line":293,"column":4},"end":{"line":312,"column":5}},"locations":[{"start":{"line":293,"column":4},"end":{"line":312,"column":5}}]},"12":{"type":"branch","line":309,"loc":{"start":{"line":309,"column":8},"end":{"line":311,"column":7}},"locations":[{"start":{"line":309,"column":8},"end":{"line":311,"column":7}}]},"13":{"type":"branch","line":302,"loc":{"start":{"line":302,"column":43},"end":{"line":302,"column":85}},"locations":[{"start":{"line":302,"column":43},"end":{"line":302,"column":85}}]},"14":{"type":"branch","line":339,"loc":{"start":{"line":339,"column":2},"end":{"line":341,"column":3}},"locations":[{"start":{"line":339,"column":2},"end":{"line":341,"column":3}}]},"15":{"type":"branch","line":8,"loc":{"start":{"line":8,"column":6},"end":{"line":8,"column":88}},"locations":[{"start":{"line":8,"column":6},"end":{"line":8,"column":88}}]},"16":{"type":"branch","line":11,"loc":{"start":{"line":11,"column":6},"end":{"line":12,"column":28}},"locations":[{"start":{"line":11,"column":6},"end":{"line":12,"column":28}}]},"17":{"type":"branch","line":1,"loc":{"start":{"line":1,"column":0},"end":{"line":1,"column":10}},"locations":[{"start":{"line":1,"column":0},"end":{"line":1,"column":10}}]},"18":{"type":"branch","line":32,"loc":{"start":{"line":32,"column":27},"end":{"line":32,"column":70}},"locations":[{"start":{"line":32,"column":27},"end":{"line":32,"column":70}}]},"19":{"type":"branch","line":38,"loc":{"start":{"line":38,"column":43},"end":{"line":38,"column":81}},"locations":[{"start":{"line":38,"column":43},"end":{"line":38,"column":81}}]},"20":{"type":"branch","line":38,"loc":{"start":{"line":38,"column":43},"end":{"line":38,"column":81}},"locations":[{"start":{"line":38,"column":43},"end":{"line":38,"column":81}}]},"21":{"type":"branch","line":39,"loc":{"start":{"line":39,"column":34},"end":{"line":39,"column":52}},"locations":[{"start":{"line":39,"column":34},"end":{"line":39,"column":52}}]},"22":{"type":"branch","line":39,"loc":{"start":{"line":39,"column":34},"end":{"line":39,"column":52}},"locations":[{"start":{"line":39,"column":34},"end":{"line":39,"column":52}}]}},"b":{"0":[5],"1":[6],"2":[5],"3":[0],"4":[1],"5":[1],"6":[2],"7":[1],"8":[1],"9":[0],"10":[1],"11":[1],"12":[0],"13":[1],"14":[5],"15":[5],"16":[2],"17":[14],"18":[0],"19":[7],"20":[4],"21":[7],"22":[4]},"fnMap":{"0":{"name":"data","decl":{"start":{"line":224,"column":2},"end":{"line":233,"column":3}},"loc":{"start":{"line":224,"column":2},"end":{"line":233,"column":3}},"line":224},"1":{"name":"fetchUsers","decl":{"start":{"line":235,"column":4},"end":{"line":247,"column":5}},"loc":{"start":{"line":235,"column":4},"end":{"line":247,"column":5}},"line":235},"2":{"name":"openModal","decl":{"start":{"line":249,"column":4},"end":{"line":252,"column":5}},"loc":{"start":{"line":249,"column":4},"end":{"line":252,"column":5}},"line":249},"3":{"name":"closeModal","decl":{"start":{"line":254,"column":4},"end":{"line":256,"column":5}},"loc":{"start":{"line":254,"column":4},"end":{"line":256,"column":5}},"line":254},"4":{"name":"openPhoneModal","decl":{"start":{"line":258,"column":4},"end":{"line":262,"column":5}},"loc":{"start":{"line":258,"column":4},"end":{"line":262,"column":5}},"line":258},"5":{"name":"closePhoneModal","decl":{"start":{"line":264,"column":4},"end":{"line":266,"column":5}},"loc":{"start":{"line":264,"column":4},"end":{"line":266,"column":5}},"line":264},"6":{"name":"updateUser","decl":{"start":{"line":268,"column":4},"end":{"line":291,"column":5}},"loc":{"start":{"line":268,"column":4},"end":{"line":291,"column":5}},"line":268},"7":{"name":"updatePhoneNumber","decl":{"start":{"line":293,"column":4},"end":{"line":312,"column":5}},"loc":{"start":{"line":293,"column":4},"end":{"line":312,"column":5}},"line":293},"8":{"name":"createOutlookSignature","decl":{"start":{"line":314,"column":4},"end":{"line":337,"column":5}},"loc":{"start":{"line":314,"column":4},"end":{"line":337,"column":5}},"line":314},"9":{"name":"mounted","decl":{"start":{"line":339,"column":2},"end":{"line":341,"column":3}},"loc":{"start":{"line":339,"column":2},"end":{"line":341,"column":3}},"line":339},"10":{"name":"onClick","decl":{"start":{"line":44,"column":24},"end":{"line":44,"column":42}},"loc":{"start":{"line":44,"column":24},"end":{"line":44,"column":42}},"line":44},"11":{"name":"onClick","decl":{"start":{"line":51,"column":24},"end":{"line":51,"column":55}},"loc":{"start":{"line":51,"column":24},"end":{"line":51,"column":55}},"line":51},"12":{"name":"onClick","decl":{"start":{"line":58,"column":24},"end":{"line":58,"column":47}},"loc":{"start":{"line":58,"column":24},"end":{"line":58,"column":47}},"line":58},"13":{"name":"__vite_ssr_import_2__.createElementBlock.__vite_ssr_import_2__.createElementVNode.__vite_ssr_import_2__.createElementBlock.__vite_ssr_import_2__.createElementVNode.__vite_ssr_import_2__.createElementVNode.__vite_ssr_import_2__.createElementVNode.__vite_ssr_import_2__.createElementVNode.__vite_ssr_import_2__.withDirectives.__vite_ssr_import_2__.createElementVNode.onUpdate:modelValue._cache.<computed>._cache.<computed>","decl":{"start":{"line":1,"column":0},"end":{"line":84,"column":49}},"loc":{"start":{"line":1,"column":0},"end":{"line":84,"column":49}},"line":1},"14":{"name":"__vite_ssr_import_2__.createElementBlock.__vite_ssr_import_2__.createElementVNode.__vite_ssr_import_2__.createElementBlock.__vite_ssr_import_2__.createElementVNode.__vite_ssr_import_2__.createElementVNode.__vite_ssr_import_2__.createElementVNode.__vite_ssr_import_2__.createElementVNode.__vite_ssr_import_2__.withDirectives.__vite_ssr_import_2__.createElementVNode.onUpdate:modelValue._cache.<computed>._cache.<computed>","decl":{"start":{"line":1,"column":0},"end":{"line":95,"column":46}},"loc":{"start":{"line":1,"column":0},"end":{"line":95,"column":46}},"line":1},"15":{"name":"__vite_ssr_import_2__.createElementBlock.__vite_ssr_import_2__.createElementVNode.__vite_ssr_import_2__.createElementBlock.__vite_ssr_import_2__.createElementVNode.__vite_ssr_import_2__.createElementVNode.__vite_ssr_import_2__.createElementVNode.__vite_ssr_import_2__.withDirectives.__vite_ssr_import_2__.createElementVNode.onUpdate:modelValue._cache.<computed>._cache.<computed>","decl":{"start":{"line":1,"column":0},"end":{"line":107,"column":50}},"loc":{"start":{"line":1,"column":0},"end":{"line":107,"column":50}},"line":1},"16":{"name":"__vite_ssr_import_2__.createElementBlock.__vite_ssr_import_2__.createElementVNode.__vite_ssr_import_2__.createElementBlock.__vite_ssr_import_2__.createElementVNode.__vite_ssr_import_2__.createElementVNode.__vite_ssr_import_2__.createElementVNode.__vite_ssr_import_2__.withDirectives.__vite_ssr_import_2__.createElementVNode.onUpdate:modelValue._cache.<computed>._cache.<computed>","decl":{"start":{"line":1,"column":0},"end":{"line":118,"column":55}},"loc":{"start":{"line":1,"column":0},"end":{"line":118,"column":55}},"line":1},"17":{"name":"__vite_ssr_import_2__.createElementBlock.__vite_ssr_import_2__.createElementVNode.__vite_ssr_import_2__.createElementBlock.__vite_ssr_import_2__.createElementVNode.__vite_ssr_import_2__.createElementVNode.__vite_ssr_import_2__.createElementVNode.__vite_ssr_import_2__.withDirectives.__vite_ssr_import_2__.createElementVNode.onUpdate:modelValue._cache.<computed>._cache.<computed>","decl":{"start":{"line":1,"column":0},"end":{"line":129,"column":53}},"loc":{"start":{"line":1,"column":0},"end":{"line":129,"column":53}},"line":1},"18":{"name":"__vite_ssr_import_2__.createElementBlock.__vite_ssr_import_2__.createElementVNode.__vite_ssr_import_2__.createElementBlock.__vite_ssr_import_2__.createElementVNode.__vite_ssr_import_2__.createElementVNode.__vite_ssr_import_2__.createElementVNode.__vite_ssr_import_2__.withDirectives.__vite_ssr_import_2__.createElementVNode.onUpdate:modelValue._cache.<computed>._cache.<computed>","decl":{"start":{"line":1,"column":0},"end":{"line":140,"column":50}},"loc":{"start":{"line":1,"column":0},"end":{"line":140,"column":50}},"line":1},"19":{"name":"__vite_ssr_import_2__.createElementBlock.__vite_ssr_import_2__.createElementVNode.__vite_ssr_import_2__.createElementBlock.__vite_ssr_import_2__.createElementVNode.__vite_ssr_import_2__.createElementVNode.__vite_ssr_import_2__.createElementVNode.__vite_ssr_import_2__.withDirectives.__vite_ssr_import_2__.createElementVNode.onUpdate:modelValue._cache.<computed>._cache.<computed>","decl":{"start":{"line":1,"column":0},"end":{"line":151,"column":48}},"loc":{"start":{"line":1,"column":0},"end":{"line":151,"column":48}},"line":1},"20":{"name":"__vite_ssr_import_2__.createElementBlock.__vite_ssr_import_2__.createElementVNode.__vite_ssr_import_2__.createElementBlock.__vite_ssr_import_2__.createElementVNode.__vite_ssr_import_2__.createElementVNode.onClick._cache.<computed>._cache.<computed>","decl":{"start":{"line":167,"column":24},"end":{"line":167,"column":38}},"loc":{"start":{"line":167,"column":24},"end":{"line":167,"column":38}},"line":167},"21":{"name":"__vite_ssr_import_2__.createElementBlock.__vite_ssr_import_2__.createElementVNode.__vite_ssr_import_2__.createElementBlock.__vite_ssr_import_2__.createElementVNode.__vite_ssr_import_2__.createElementVNode.__vite_ssr_import_2__.createElementVNode.__vite_ssr_import_2__.withDirectives.__vite_ssr_import_2__.createElementVNode.onUpdate:modelValue._cache.<computed>._cache.<computed>","decl":{"start":{"line":1,"column":0},"end":{"line":186,"column":40}},"loc":{"start":{"line":1,"column":0},"end":{"line":186,"column":40}},"line":1},"22":{"name":"__vite_ssr_import_2__.createElementBlock.__vite_ssr_import_2__.createElementVNode.__vite_ssr_import_2__.createElementBlock.__vite_ssr_import_2__.createElementVNode.__vite_ssr_import_2__.createElementVNode.__vite_ssr_import_2__.createElementVNode.__vite_ssr_import_2__.createElementVNode.onClick._cache.<computed>._cache.<computed>","decl":{"start":{"line":202,"column":22},"end":{"line":202,"column":40}},"loc":{"start":{"line":202,"column":22},"end":{"line":202,"column":40}},"line":202}},"f":{"0":5,"1":6,"2":1,"3":2,"4":0,"5":1,"6":1,"7":1,"8":0,"9":5,"10":0,"11":0,"12":0,"13":0,"14":0,"15":0,"16":0,"17":0,"18":0,"19":0,"20":0,"21":0,"22":0}}
,"/Users/symplice/Desktop/WebApps/ist_challenge/signature/src/views/Dashboard.vue": {"path":"/Users/symplice/Desktop/WebApps/ist_challenge/signature/src/views/Dashboard.vue","all":true,"statementMap":{"0":{"start":{"line":1,"column":0},"end":{"line":1,"column":10}},"1":{"start":{"line":2,"column":0},"end":{"line":2,"column":20}},"2":{"start":{"line":3,"column":0},"end":{"line":3,"column":30}},"3":{"start":{"line":4,"column":0},"end":{"line":4,"column":24}},"5":{"start":{"line":6,"column":0},"end":{"line":6,"column":40}},"6":{"start":{"line":7,"column":0},"end":{"line":7,"column":82}},"8":{"start":{"line":9,"column":0},"end":{"line":9,"column":24}},"9":{"start":{"line":10,"column":0},"end":{"line":10,"column":74}},"10":{"start":{"line":11,"column":0},"end":{"line":11,"column":57}},"11":{"start":{"line":12,"column":0},"end":{"line":12,"column":76}},"12":{"start":{"line":13,"column":0},"end":{"line":13,"column":94}},"13":{"start":{"line":14,"column":0},"end":{"line":14,"column":16}},"14":{"start":{"line":15,"column":0},"end":{"line":15,"column":14}},"15":{"start":{"line":16,"column":0},"end":{"line":16,"column":12}},"16":{"start":{"line":17,"column":0},"end":{"line":17,"column":10}},"17":{"start":{"line":18,"column":0},"end":{"line":18,"column":8}},"21":{"start":{"line":22,"column":0},"end":{"line":22,"column":26}},"22":{"start":{"line":23,"column":0},"end":{"line":23,"column":57}},"24":{"start":{"line":25,"column":0},"end":{"line":25,"column":16}},"25":{"start":{"line":26,"column":0},"end":{"line":26,"column":24}},"26":{"start":{"line":27,"column":0},"end":{"line":27,"column":15}},"27":{"start":{"line":28,"column":0},"end":{"line":28,"column":21}},"28":{"start":{"line":29,"column":0},"end":{"line":29,"column":4}},"29":{"start":{"line":30,"column":0},"end":{"line":30,"column":10}},"30":{"start":{"line":31,"column":0},"end":{"line":31,"column":12}},"31":{"start":{"line":32,"column":0},"end":{"line":32,"column":44}},"32":{"start":{"line":33,"column":0},"end":{"line":33,"column":6}},"33":{"start":{"line":34,"column":0},"end":{"line":34,"column":4}},"34":{"start":{"line":35,"column":0},"end":{"line":35,"column":13}},"35":{"start":{"line":36,"column":0},"end":{"line":36,"column":80}},"36":{"start":{"line":37,"column":0},"end":{"line":37,"column":4}},"37":{"start":{"line":38,"column":0},"end":{"line":38,"column":12}},"38":{"start":{"line":39,"column":0},"end":{"line":39,"column":28}},"39":{"start":{"line":40,"column":0},"end":{"line":40,"column":11}},"40":{"start":{"line":41,"column":0},"end":{"line":41,"column":43}},"41":{"start":{"line":42,"column":0},"end":{"line":42,"column":52}},"43":{"start":{"line":44,"column":0},"end":{"line":44,"column":21}},"44":{"start":{"line":45,"column":0},"end":{"line":45,"column":58}},"45":{"start":{"line":46,"column":0},"end":{"line":46,"column":65}},"46":{"start":{"line":47,"column":0},"end":{"line":47,"column":17}},"47":{"start":{"line":48,"column":0},"end":{"line":48,"column":9}},"49":{"start":{"line":50,"column":0},"end":{"line":50,"column":51}},"50":{"start":{"line":51,"column":0},"end":{"line":51,"column":104}},"51":{"start":{"line":52,"column":0},"end":{"line":52,"column":20}},"52":{"start":{"line":53,"column":0},"end":{"line":53,"column":85}},"53":{"start":{"line":54,"column":0},"end":{"line":54,"column":12}},"54":{"start":{"line":55,"column":0},"end":{"line":55,"column":11}},"56":{"start":{"line":57,"column":0},"end":{"line":57,"column":46}},"57":{"start":{"line":58,"column":0},"end":{"line":58,"column":36}},"58":{"start":{"line":59,"column":0},"end":{"line":59,"column":89}},"59":{"start":{"line":60,"column":0},"end":{"line":60,"column":16}},"60":{"start":{"line":61,"column":0},"end":{"line":61,"column":54}},"61":{"start":{"line":62,"column":0},"end":{"line":62,"column":9}},"62":{"start":{"line":63,"column":0},"end":{"line":63,"column":23}},"63":{"start":{"line":64,"column":0},"end":{"line":64,"column":59}},"64":{"start":{"line":65,"column":0},"end":{"line":65,"column":69}},"65":{"start":{"line":66,"column":0},"end":{"line":66,"column":7}},"66":{"start":{"line":67,"column":0},"end":{"line":67,"column":6}},"67":{"start":{"line":68,"column":0},"end":{"line":68,"column":4}},"68":{"start":{"line":69,"column":0},"end":{"line":69,"column":2}}},"s":{"0":0,"1":0,"2":0,"3":0,"5":0,"6":0,"8":0,"9":0,"10":0,"11":0,"12":0,"13":0,"14":0,"15":0,"16":0,"17":0,"21":0,"22":0,"24":0,"25":0,"26":0,"27":0,"28":0,"29":0,"30":0,"31":0,"32":0,"33":0,"34":0,"35":0,"36":0,"37":0,"38":0,"39":0,"40":0,"41":0,"43":0,"44":0,"45":0,"46":0,"47":0,"49":0,"50":0,"51":0,"52":0,"53":0,"54":0,"56":0,"57":0,"58":0,"59":0,"60":0,"61":0,"62":0,"63":0,"64":0,"65":0,"66":0,"67":0,"68":0},"branchMap":{"0":{"type":"branch","line":1,"loc":{"start":{"line":1,"column":0},"end":{"line":74,"column":-61}},"locations":[{"start":{"line":1,"column":0},"end":{"line":74,"column":-61}}]}},"b":{"0":[0]},"fnMap":{"0":{"name":"(empty-report)","decl":{"start":{"line":1,"column":0},"end":{"line":74,"column":-61}},"loc":{"start":{"line":1,"column":0},"end":{"line":74,"column":-61}},"line":1}},"f":{"0":0}}
}
